{
  "/Users/dmieloch/Dev/experiments/claudecodeui/tooling/testing/src/e2e.ts": {
    "path": "/Users/dmieloch/Dev/experiments/claudecodeui/tooling/testing/src/e2e.ts",
    "all": true,
    "statementMap": {
      "0": {"start": {"line": 1, "column": 0}, "end": {"line": 1, "column": 3}}
    },
    "s": {"0": 0},
    "branchMap": {
      "0": {
        "type": "branch",
        "line": 1,
        "loc": {
          "start": {"line": 1, "column": 156},
          "end": {"line": 5, "column": 47}
        },
        "locations": [
          {
            "start": {"line": 1, "column": 156},
            "end": {"line": 5, "column": 47}
          }
        ]
      }
    },
    "b": {"0": [0]},
    "fnMap": {
      "0": {
        "name": "(empty-report)",
        "decl": {
          "start": {"line": 1, "column": 156},
          "end": {"line": 5, "column": 47}
        },
        "loc": {
          "start": {"line": 1, "column": 156},
          "end": {"line": 5, "column": 47}
        },
        "line": 1
      }
    },
    "f": {"0": 0}
  },
  "/Users/dmieloch/Dev/experiments/claudecodeui/tooling/testing/src/index.ts": {
    "path": "/Users/dmieloch/Dev/experiments/claudecodeui/tooling/testing/src/index.ts",
    "all": true,
    "statementMap": {
      "14": {
        "start": {"line": 15, "column": 0},
        "end": {"line": 15, "column": 24}
      },
      "15": {
        "start": {"line": 16, "column": 0},
        "end": {"line": 16, "column": 11}
      },
      "16": {
        "start": {"line": 17, "column": 0},
        "end": {"line": 17, "column": 72}
      },
      "17": {
        "start": {"line": 18, "column": 0},
        "end": {"line": 18, "column": 86}
      },
      "18": {
        "start": {"line": 19, "column": 0},
        "end": {"line": 19, "column": 70}
      },
      "19": {
        "start": {"line": 20, "column": 0},
        "end": {"line": 20, "column": 82}
      },
      "20": {
        "start": {"line": 21, "column": 0},
        "end": {"line": 21, "column": 72}
      },
      "21": {
        "start": {"line": 22, "column": 0},
        "end": {"line": 22, "column": 4}
      },
      "22": {
        "start": {"line": 23, "column": 0},
        "end": {"line": 23, "column": 15}
      },
      "23": {
        "start": {"line": 24, "column": 0},
        "end": {"line": 24, "column": 82}
      },
      "24": {
        "start": {"line": 25, "column": 0},
        "end": {"line": 25, "column": 74}
      },
      "25": {
        "start": {"line": 26, "column": 0},
        "end": {"line": 26, "column": 86}
      },
      "26": {
        "start": {"line": 27, "column": 0},
        "end": {"line": 27, "column": 76}
      },
      "27": {
        "start": {"line": 28, "column": 0},
        "end": {"line": 28, "column": 4}
      },
      "28": {
        "start": {"line": 29, "column": 0},
        "end": {"line": 29, "column": 14}
      },
      "29": {
        "start": {"line": 30, "column": 0},
        "end": {"line": 30, "column": 88}
      },
      "30": {
        "start": {"line": 31, "column": 0},
        "end": {"line": 31, "column": 4}
      },
      "31": {
        "start": {"line": 32, "column": 0},
        "end": {"line": 32, "column": 2}
      },
      "34": {
        "start": {"line": 35, "column": 0},
        "end": {"line": 35, "column": 24}
      },
      "35": {
        "start": {"line": 36, "column": 0},
        "end": {"line": 36, "column": 52}
      },
      "36": {
        "start": {"line": 37, "column": 0},
        "end": {"line": 37, "column": 38}
      },
      "37": {
        "start": {"line": 38, "column": 0},
        "end": {"line": 38, "column": 2}
      },
      "40": {
        "start": {"line": 41, "column": 0},
        "end": {"line": 41, "column": 26}
      },
      "41": {
        "start": {"line": 42, "column": 0},
        "end": {"line": 42, "column": 14}
      },
      "42": {
        "start": {"line": 43, "column": 0},
        "end": {"line": 43, "column": 66}
      },
      "43": {
        "start": {"line": 44, "column": 0},
        "end": {"line": 44, "column": 70}
      },
      "44": {
        "start": {"line": 45, "column": 0},
        "end": {"line": 45, "column": 54}
      },
      "45": {
        "start": {"line": 46, "column": 0},
        "end": {"line": 46, "column": 4}
      },
      "46": {
        "start": {"line": 47, "column": 0},
        "end": {"line": 47, "column": 2}
      },
      "49": {
        "start": {"line": 50, "column": 0},
        "end": {"line": 50, "column": 22}
      },
      "50": {
        "start": {"line": 51, "column": 0},
        "end": {"line": 51, "column": 40}
      },
      "51": {
        "start": {"line": 52, "column": 0},
        "end": {"line": 52, "column": 54}
      },
      "52": {
        "start": {"line": 53, "column": 0},
        "end": {"line": 53, "column": 38}
      },
      "53": {
        "start": {"line": 54, "column": 0},
        "end": {"line": 54, "column": 50}
      },
      "54": {
        "start": {"line": 55, "column": 0},
        "end": {"line": 55, "column": 2}
      }
    },
    "s": {
      "14": 0,
      "15": 0,
      "16": 0,
      "17": 0,
      "18": 0,
      "19": 0,
      "20": 0,
      "21": 0,
      "22": 0,
      "23": 0,
      "24": 0,
      "25": 0,
      "26": 0,
      "27": 0,
      "28": 0,
      "29": 0,
      "30": 0,
      "31": 0,
      "34": 0,
      "35": 0,
      "36": 0,
      "37": 0,
      "40": 0,
      "41": 0,
      "42": 0,
      "43": 0,
      "44": 0,
      "45": 0,
      "46": 0,
      "49": 0,
      "50": 0,
      "51": 0,
      "52": 0,
      "53": 0,
      "54": 0
    },
    "branchMap": {
      "0": {
        "type": "branch",
        "line": 1,
        "loc": {
          "start": {"line": 1, "column": 3940},
          "end": {"line": 117, "column": 3}
        },
        "locations": [
          {
            "start": {"line": 1, "column": 3940},
            "end": {"line": 117, "column": 3}
          }
        ]
      }
    },
    "b": {"0": [1]},
    "fnMap": {
      "0": {
        "name": "(empty-report)",
        "decl": {
          "start": {"line": 1, "column": 3940},
          "end": {"line": 117, "column": 3}
        },
        "loc": {
          "start": {"line": 1, "column": 3940},
          "end": {"line": 117, "column": 3}
        },
        "line": 1
      }
    },
    "f": {"0": 1}
  },
  "/Users/dmieloch/Dev/experiments/claudecodeui/tooling/testing/src/integration.ts": {
    "path": "/Users/dmieloch/Dev/experiments/claudecodeui/tooling/testing/src/integration.ts",
    "all": true,
    "statementMap": {
      "0": {"start": {"line": 1, "column": 0}, "end": {"line": 1, "column": 3}}
    },
    "s": {"0": 0},
    "branchMap": {
      "0": {
        "type": "branch",
        "line": 1,
        "loc": {
          "start": {"line": 1, "column": 180},
          "end": {"line": 5, "column": 55}
        },
        "locations": [
          {
            "start": {"line": 1, "column": 180},
            "end": {"line": 5, "column": 55}
          }
        ]
      }
    },
    "b": {"0": [0]},
    "fnMap": {
      "0": {
        "name": "(empty-report)",
        "decl": {
          "start": {"line": 1, "column": 180},
          "end": {"line": 5, "column": 55}
        },
        "loc": {
          "start": {"line": 1, "column": 180},
          "end": {"line": 5, "column": 55}
        },
        "line": 1
      }
    },
    "f": {"0": 0}
  },
  "/Users/dmieloch/Dev/experiments/claudecodeui/tooling/testing/src/unit-node.ts": {
    "path": "/Users/dmieloch/Dev/experiments/claudecodeui/tooling/testing/src/unit-node.ts",
    "all": true,
    "statementMap": {
      "0": {"start": {"line": 1, "column": 0}, "end": {"line": 1, "column": 3}},
      "4": {
        "start": {"line": 5, "column": 0},
        "end": {"line": 5, "column": 47}
      },
      "5": {
        "start": {"line": 6, "column": 0},
        "end": {"line": 6, "column": 44}
      },
      "7": {
        "start": {"line": 8, "column": 0},
        "end": {"line": 8, "column": 40}
      },
      "8": {"start": {"line": 9, "column": 0}, "end": {"line": 9, "column": 9}},
      "9": {
        "start": {"line": 10, "column": 0},
        "end": {"line": 10, "column": 24}
      },
      "10": {
        "start": {"line": 11, "column": 0},
        "end": {"line": 11, "column": 3}
      },
      "11": {
        "start": {"line": 12, "column": 0},
        "end": {"line": 12, "column": 3}
      }
    },
    "s": {"0": 0, "4": 0, "5": 0, "7": 0, "8": 0, "9": 0, "10": 0, "11": 0},
    "branchMap": {
      "0": {
        "type": "branch",
        "line": 1,
        "loc": {
          "start": {"line": 1, "column": 0},
          "end": {"line": 12, "column": -41}
        },
        "locations": [
          {
            "start": {"line": 1, "column": 0},
            "end": {"line": 12, "column": -41}
          }
        ]
      }
    },
    "b": {"0": [0]},
    "fnMap": {
      "0": {
        "name": "(empty-report)",
        "decl": {
          "start": {"line": 1, "column": 0},
          "end": {"line": 12, "column": -41}
        },
        "loc": {
          "start": {"line": 1, "column": 0},
          "end": {"line": 12, "column": -41}
        },
        "line": 1
      }
    },
    "f": {"0": 0}
  },
  "/Users/dmieloch/Dev/experiments/claudecodeui/tooling/testing/src/unit.ts": {
    "path": "/Users/dmieloch/Dev/experiments/claudecodeui/tooling/testing/src/unit.ts",
    "all": true,
    "statementMap": {
      "0": {"start": {"line": 1, "column": 0}, "end": {"line": 1, "column": 3}}
    },
    "s": {"0": 0},
    "branchMap": {
      "0": {
        "type": "branch",
        "line": 1,
        "loc": {
          "start": {"line": 1, "column": 159},
          "end": {"line": 5, "column": 48}
        },
        "locations": [
          {
            "start": {"line": 1, "column": 159},
            "end": {"line": 5, "column": 48}
          }
        ]
      }
    },
    "b": {"0": [0]},
    "fnMap": {
      "0": {
        "name": "(empty-report)",
        "decl": {
          "start": {"line": 1, "column": 159},
          "end": {"line": 5, "column": 48}
        },
        "loc": {
          "start": {"line": 1, "column": 159},
          "end": {"line": 5, "column": 48}
        },
        "line": 1
      }
    },
    "f": {"0": 0}
  },
  "/Users/dmieloch/Dev/experiments/claudecodeui/tooling/testing/src/configs/playwright/api.ts": {
    "path": "/Users/dmieloch/Dev/experiments/claudecodeui/tooling/testing/src/configs/playwright/api.ts",
    "all": true,
    "statementMap": {
      "0": {"start": {"line": 1, "column": 0}, "end": {"line": 1, "column": 3}},
      "7": {
        "start": {"line": 8, "column": 0},
        "end": {"line": 8, "column": 85}
      },
      "9": {
        "start": {"line": 10, "column": 0},
        "end": {"line": 10, "column": 54}
      },
      "10": {
        "start": {"line": 11, "column": 0},
        "end": {"line": 11, "column": 29}
      },
      "11": {
        "start": {"line": 12, "column": 0},
        "end": {"line": 12, "column": 14}
      },
      "12": {
        "start": {"line": 13, "column": 0},
        "end": {"line": 13, "column": 27}
      },
      "13": {
        "start": {"line": 14, "column": 0},
        "end": {"line": 14, "column": 27}
      },
      "14": {
        "start": {"line": 15, "column": 0},
        "end": {"line": 15, "column": 23}
      },
      "15": {
        "start": {"line": 16, "column": 0},
        "end": {"line": 16, "column": 23}
      },
      "16": {
        "start": {"line": 17, "column": 0},
        "end": {"line": 17, "column": 30}
      },
      "17": {
        "start": {"line": 18, "column": 0},
        "end": {"line": 18, "column": 30}
      },
      "18": {
        "start": {"line": 19, "column": 0},
        "end": {"line": 19, "column": 4}
      },
      "19": {
        "start": {"line": 20, "column": 0},
        "end": {"line": 20, "column": 66}
      },
      "20": {
        "start": {"line": 21, "column": 0},
        "end": {"line": 21, "column": 13}
      },
      "21": {
        "start": {"line": 22, "column": 0},
        "end": {"line": 22, "column": 5}
      },
      "22": {
        "start": {"line": 23, "column": 0},
        "end": {"line": 23, "column": 26}
      },
      "23": {
        "start": {"line": 24, "column": 0},
        "end": {"line": 24, "column": 12}
      },
      "25": {
        "start": {"line": 26, "column": 0},
        "end": {"line": 26, "column": 40}
      },
      "27": {
        "start": {"line": 28, "column": 0},
        "end": {"line": 28, "column": 27}
      },
      "28": {
        "start": {"line": 29, "column": 0},
        "end": {"line": 29, "column": 39}
      },
      "29": {
        "start": {"line": 30, "column": 0},
        "end": {"line": 30, "column": 45}
      },
      "30": {
        "start": {"line": 31, "column": 0},
        "end": {"line": 31, "column": 10}
      },
      "31": {
        "start": {"line": 32, "column": 0},
        "end": {"line": 32, "column": 8}
      },
      "32": {
        "start": {"line": 33, "column": 0},
        "end": {"line": 33, "column": 6}
      },
      "33": {
        "start": {"line": 34, "column": 0},
        "end": {"line": 34, "column": 4}
      },
      "34": {
        "start": {"line": 35, "column": 0},
        "end": {"line": 35, "column": 82}
      },
      "35": {
        "start": {"line": 36, "column": 0},
        "end": {"line": 36, "column": 8}
      },
      "37": {
        "start": {"line": 38, "column": 0},
        "end": {"line": 38, "column": 59}
      },
      "38": {
        "start": {"line": 39, "column": 0},
        "end": {"line": 39, "column": 4}
      },
      "39": {
        "start": {"line": 40, "column": 0},
        "end": {"line": 40, "column": 3}
      }
    },
    "s": {
      "0": 0,
      "7": 0,
      "9": 0,
      "10": 0,
      "11": 0,
      "12": 0,
      "13": 0,
      "14": 0,
      "15": 0,
      "16": 0,
      "17": 0,
      "18": 0,
      "19": 0,
      "20": 0,
      "21": 0,
      "22": 0,
      "23": 0,
      "25": 0,
      "27": 0,
      "28": 0,
      "29": 0,
      "30": 0,
      "31": 0,
      "32": 0,
      "33": 0,
      "34": 0,
      "35": 0,
      "37": 0,
      "38": 0,
      "39": 0
    },
    "branchMap": {
      "0": {
        "type": "branch",
        "line": 1,
        "loc": {
          "start": {"line": 1, "column": 1168},
          "end": {"line": 40, "column": 3}
        },
        "locations": [
          {
            "start": {"line": 1, "column": 1168},
            "end": {"line": 40, "column": 3}
          }
        ]
      }
    },
    "b": {"0": [0]},
    "fnMap": {
      "0": {
        "name": "(empty-report)",
        "decl": {
          "start": {"line": 1, "column": 1168},
          "end": {"line": 40, "column": 3}
        },
        "loc": {
          "start": {"line": 1, "column": 1168},
          "end": {"line": 40, "column": 3}
        },
        "line": 1
      }
    },
    "f": {"0": 0}
  },
  "/Users/dmieloch/Dev/experiments/claudecodeui/tooling/testing/src/configs/playwright/base.ts": {
    "path": "/Users/dmieloch/Dev/experiments/claudecodeui/tooling/testing/src/configs/playwright/base.ts",
    "all": true,
    "statementMap": {
      "0": {"start": {"line": 1, "column": 0}, "end": {"line": 1, "column": 3}},
      "13": {
        "start": {"line": 14, "column": 0},
        "end": {"line": 14, "column": 31}
      },
      "16": {
        "start": {"line": 17, "column": 0},
        "end": {"line": 17, "column": 59}
      },
      "18": {
        "start": {"line": 19, "column": 0},
        "end": {"line": 19, "column": 22}
      },
      "19": {
        "start": {"line": 20, "column": 0},
        "end": {"line": 20, "column": 17}
      },
      "20": {
        "start": {"line": 21, "column": 0},
        "end": {"line": 21, "column": 22}
      },
      "21": {
        "start": {"line": 22, "column": 0},
        "end": {"line": 22, "column": 30}
      },
      "24": {
        "start": {"line": 25, "column": 0},
        "end": {"line": 25, "column": 21}
      },
      "25": {
        "start": {"line": 26, "column": 0},
        "end": {"line": 26, "column": 11}
      },
      "26": {
        "start": {"line": 27, "column": 0},
        "end": {"line": 27, "column": 22}
      },
      "27": {
        "start": {"line": 28, "column": 0},
        "end": {"line": 28, "column": 4}
      },
      "30": {
        "start": {"line": 31, "column": 0},
        "end": {"line": 31, "column": 14}
      },
      "31": {
        "start": {"line": 32, "column": 0},
        "end": {"line": 32, "column": 7}
      },
      "32": {
        "start": {"line": 33, "column": 0},
        "end": {"line": 33, "column": 73}
      },
      "33": {
        "start": {"line": 34, "column": 0},
        "end": {"line": 34, "column": 71}
      },
      "34": {
        "start": {"line": 35, "column": 0},
        "end": {"line": 35, "column": 19}
      },
      "35": {
        "start": {"line": 36, "column": 0},
        "end": {"line": 36, "column": 7}
      },
      "36": {
        "start": {"line": 37, "column": 0},
        "end": {"line": 37, "column": 7}
      },
      "37": {
        "start": {"line": 38, "column": 0},
        "end": {"line": 38, "column": 17}
      },
      "38": {
        "start": {"line": 39, "column": 0},
        "end": {"line": 39, "column": 36}
      },
      "39": {
        "start": {"line": 40, "column": 0},
        "end": {"line": 40, "column": 8}
      },
      "42": {
        "start": {"line": 43, "column": 0},
        "end": {"line": 43, "column": 8}
      },
      "44": {
        "start": {"line": 45, "column": 0},
        "end": {"line": 45, "column": 55}
      },
      "45": {
        "start": {"line": 46, "column": 0},
        "end": {"line": 46, "column": 34}
      },
      "46": {
        "start": {"line": 47, "column": 0},
        "end": {"line": 47, "column": 44}
      },
      "49": {
        "start": {"line": 50, "column": 0},
        "end": {"line": 50, "column": 29}
      },
      "50": {
        "start": {"line": 51, "column": 0},
        "end": {"line": 51, "column": 33}
      },
      "53": {
        "start": {"line": 54, "column": 0},
        "end": {"line": 54, "column": 26}
      },
      "56": {
        "start": {"line": 57, "column": 0},
        "end": {"line": 57, "column": 43}
      },
      "59": {
        "start": {"line": 60, "column": 0},
        "end": {"line": 60, "column": 20}
      },
      "60": {
        "start": {"line": 61, "column": 0},
        "end": {"line": 61, "column": 35}
      },
      "63": {
        "start": {"line": 64, "column": 0},
        "end": {"line": 64, "column": 25}
      },
      "66": {
        "start": {"line": 67, "column": 0},
        "end": {"line": 67, "column": 20}
      },
      "69": {
        "start": {"line": 70, "column": 0},
        "end": {"line": 70, "column": 19}
      },
      "72": {
        "start": {"line": 73, "column": 0},
        "end": {"line": 73, "column": 31}
      },
      "75": {
        "start": {"line": 76, "column": 0},
        "end": {"line": 76, "column": 29}
      },
      "78": {
        "start": {"line": 79, "column": 0},
        "end": {"line": 79, "column": 25}
      },
      "79": {
        "start": {"line": 80, "column": 0},
        "end": {"line": 80, "column": 4}
      },
      "82": {
        "start": {"line": 83, "column": 0},
        "end": {"line": 83, "column": 28}
      },
      "85": {
        "start": {"line": 86, "column": 0},
        "end": {"line": 86, "column": 25}
      },
      "86": {
        "start": {"line": 87, "column": 0},
        "end": {"line": 87, "column": 28}
      },
      "89": {
        "start": {"line": 90, "column": 0},
        "end": {"line": 90, "column": 69}
      },
      "92": {
        "start": {"line": 93, "column": 0},
        "end": {"line": 93, "column": 18}
      },
      "93": {
        "start": {"line": 94, "column": 0},
        "end": {"line": 94, "column": 24}
      },
      "96": {
        "start": {"line": 97, "column": 0},
        "end": {"line": 97, "column": 35}
      },
      "99": {
        "start": {"line": 100, "column": 0},
        "end": {"line": 100, "column": 34}
      },
      "102": {
        "start": {"line": 103, "column": 0},
        "end": {"line": 103, "column": 15}
      },
      "105": {
        "start": {"line": 106, "column": 0},
        "end": {"line": 106, "column": 29}
      },
      "106": {
        "start": {"line": 107, "column": 0},
        "end": {"line": 107, "column": 2}
      },
      "109": {
        "start": {"line": 110, "column": 0},
        "end": {"line": 110, "column": 32}
      },
      "110": {
        "start": {"line": 111, "column": 0},
        "end": {"line": 111, "column": 13}
      },
      "111": {
        "start": {"line": 112, "column": 0},
        "end": {"line": 112, "column": 21}
      },
      "112": {
        "start": {"line": 113, "column": 0},
        "end": {"line": 113, "column": 42}
      },
      "113": {
        "start": {"line": 114, "column": 0},
        "end": {"line": 114, "column": 4}
      },
      "114": {
        "start": {"line": 115, "column": 0},
        "end": {"line": 115, "column": 12}
      },
      "115": {
        "start": {"line": 116, "column": 0},
        "end": {"line": 116, "column": 20}
      },
      "116": {
        "start": {"line": 117, "column": 0},
        "end": {"line": 117, "column": 43}
      },
      "117": {
        "start": {"line": 118, "column": 0},
        "end": {"line": 118, "column": 4}
      },
      "118": {
        "start": {"line": 119, "column": 0},
        "end": {"line": 119, "column": 11}
      },
      "119": {
        "start": {"line": 120, "column": 0},
        "end": {"line": 120, "column": 19}
      },
      "120": {
        "start": {"line": 121, "column": 0},
        "end": {"line": 121, "column": 42}
      },
      "121": {
        "start": {"line": 122, "column": 0},
        "end": {"line": 122, "column": 4}
      },
      "122": {
        "start": {"line": 123, "column": 0},
        "end": {"line": 123, "column": 11}
      },
      "123": {
        "start": {"line": 124, "column": 0},
        "end": {"line": 124, "column": 13}
      },
      "124": {
        "start": {"line": 125, "column": 0},
        "end": {"line": 125, "column": 28}
      },
      "125": {
        "start": {"line": 126, "column": 0},
        "end": {"line": 126, "column": 37}
      },
      "126": {
        "start": {"line": 127, "column": 0},
        "end": {"line": 127, "column": 6}
      },
      "127": {
        "start": {"line": 128, "column": 0},
        "end": {"line": 128, "column": 13}
      },
      "128": {
        "start": {"line": 129, "column": 0},
        "end": {"line": 129, "column": 28}
      },
      "129": {
        "start": {"line": 130, "column": 0},
        "end": {"line": 130, "column": 39}
      },
      "130": {
        "start": {"line": 131, "column": 0},
        "end": {"line": 131, "column": 6}
      },
      "131": {
        "start": {"line": 132, "column": 0},
        "end": {"line": 132, "column": 4}
      },
      "132": {
        "start": {"line": 133, "column": 0},
        "end": {"line": 133, "column": 2}
      },
      "135": {
        "start": {"line": 136, "column": 0},
        "end": {"line": 136, "column": 32}
      },
      "136": {
        "start": {"line": 137, "column": 0},
        "end": {"line": 137, "column": 40}
      },
      "137": {
        "start": {"line": 138, "column": 0},
        "end": {"line": 138, "column": 39}
      },
      "138": {
        "start": {"line": 139, "column": 0},
        "end": {"line": 139, "column": 39}
      },
      "139": {
        "start": {"line": 140, "column": 0},
        "end": {"line": 140, "column": 38}
      },
      "140": {
        "start": {"line": 141, "column": 0},
        "end": {"line": 141, "column": 42}
      },
      "141": {
        "start": {"line": 142, "column": 0},
        "end": {"line": 142, "column": 2}
      },
      "144": {
        "start": {"line": 145, "column": 0},
        "end": {"line": 145, "column": 33}
      },
      "145": {
        "start": {"line": 146, "column": 0},
        "end": {"line": 146, "column": 34}
      },
      "146": {
        "start": {"line": 147, "column": 0},
        "end": {"line": 147, "column": 27}
      },
      "147": {
        "start": {"line": 148, "column": 0},
        "end": {"line": 148, "column": 9}
      },
      "148": {
        "start": {"line": 149, "column": 0},
        "end": {"line": 149, "column": 29}
      },
      "149": {
        "start": {"line": 150, "column": 0},
        "end": {"line": 150, "column": 24}
      },
      "150": {
        "start": {"line": 151, "column": 0},
        "end": {"line": 151, "column": 10}
      },
      "151": {
        "start": {"line": 152, "column": 0},
        "end": {"line": 152, "column": 23}
      },
      "152": {
        "start": {"line": 153, "column": 0},
        "end": {"line": 153, "column": 6}
      },
      "153": {
        "start": {"line": 154, "column": 0},
        "end": {"line": 154, "column": 5}
      },
      "154": {
        "start": {"line": 155, "column": 0},
        "end": {"line": 155, "column": 40}
      },
      "155": {
        "start": {"line": 156, "column": 0},
        "end": {"line": 156, "column": 33}
      },
      "156": {
        "start": {"line": 157, "column": 0},
        "end": {"line": 157, "column": 9}
      },
      "157": {
        "start": {"line": 158, "column": 0},
        "end": {"line": 158, "column": 29}
      },
      "158": {
        "start": {"line": 159, "column": 0},
        "end": {"line": 159, "column": 24}
      },
      "159": {
        "start": {"line": 160, "column": 0},
        "end": {"line": 160, "column": 5}
      },
      "160": {
        "start": {"line": 161, "column": 0},
        "end": {"line": 161, "column": 34}
      },
      "161": {
        "start": {"line": 162, "column": 0},
        "end": {"line": 162, "column": 34}
      },
      "162": {
        "start": {"line": 163, "column": 0},
        "end": {"line": 163, "column": 9}
      },
      "163": {
        "start": {"line": 164, "column": 0},
        "end": {"line": 164, "column": 29}
      },
      "164": {
        "start": {"line": 165, "column": 0},
        "end": {"line": 165, "column": 24}
      },
      "165": {
        "start": {"line": 166, "column": 0},
        "end": {"line": 166, "column": 10}
      },
      "166": {
        "start": {"line": 167, "column": 0},
        "end": {"line": 167, "column": 23}
      },
      "167": {
        "start": {"line": 168, "column": 0},
        "end": {"line": 168, "column": 6}
      },
      "168": {
        "start": {"line": 169, "column": 0},
        "end": {"line": 169, "column": 5}
      },
      "169": {
        "start": {"line": 170, "column": 0},
        "end": {"line": 170, "column": 2}
      },
      "172": {
        "start": {"line": 173, "column": 0},
        "end": {"line": 173, "column": 39}
      },
      "173": {
        "start": {"line": 174, "column": 0},
        "end": {"line": 174, "column": 15}
      },
      "174": {
        "start": {"line": 175, "column": 0},
        "end": {"line": 175, "column": 12}
      },
      "183": {
        "start": {"line": 184, "column": 0},
        "end": {"line": 184, "column": 8}
      },
      "184": {
        "start": {"line": 185, "column": 0},
        "end": {"line": 185, "column": 25}
      },
      "185": {
        "start": {"line": 186, "column": 0},
        "end": {"line": 186, "column": 23}
      },
      "186": {
        "start": {"line": 187, "column": 0},
        "end": {"line": 187, "column": 28}
      },
      "187": {
        "start": {"line": 188, "column": 0},
        "end": {"line": 188, "column": 42}
      },
      "188": {
        "start": {"line": 189, "column": 0},
        "end": {"line": 189, "column": 33}
      },
      "189": {
        "start": {"line": 190, "column": 0},
        "end": {"line": 190, "column": 10}
      },
      "190": {
        "start": {"line": 191, "column": 0},
        "end": {"line": 191, "column": 34}
      },
      "191": {
        "start": {"line": 192, "column": 0},
        "end": {"line": 192, "column": 58}
      },
      "192": {
        "start": {"line": 193, "column": 0},
        "end": {"line": 193, "column": 21}
      },
      "193": {
        "start": {"line": 194, "column": 0},
        "end": {"line": 194, "column": 6}
      },
      "194": {
        "start": {"line": 195, "column": 0},
        "end": {"line": 195, "column": 35}
      },
      "195": {
        "start": {"line": 196, "column": 0},
        "end": {"line": 196, "column": 31}
      },
      "196": {
        "start": {"line": 197, "column": 0},
        "end": {"line": 197, "column": 30}
      },
      "197": {
        "start": {"line": 198, "column": 0},
        "end": {"line": 198, "column": 29}
      },
      "198": {
        "start": {"line": 199, "column": 0},
        "end": {"line": 199, "column": 6}
      },
      "199": {
        "start": {"line": 200, "column": 0},
        "end": {"line": 200, "column": 33}
      },
      "200": {
        "start": {"line": 201, "column": 0},
        "end": {"line": 201, "column": 61}
      },
      "201": {
        "start": {"line": 202, "column": 0},
        "end": {"line": 202, "column": 80}
      },
      "202": {
        "start": {"line": 203, "column": 0},
        "end": {"line": 203, "column": 5}
      },
      "203": {
        "start": {"line": 204, "column": 0},
        "end": {"line": 204, "column": 1}
      },
      "206": {
        "start": {"line": 207, "column": 0},
        "end": {"line": 207, "column": 30}
      },
      "207": {
        "start": {"line": 208, "column": 0},
        "end": {"line": 208, "column": 37}
      },
      "208": {
        "start": {"line": 209, "column": 0},
        "end": {"line": 209, "column": 43}
      },
      "209": {
        "start": {"line": 210, "column": 0},
        "end": {"line": 210, "column": 4}
      },
      "211": {
        "start": {"line": 212, "column": 0},
        "end": {"line": 212, "column": 36}
      },
      "212": {
        "start": {"line": 213, "column": 0},
        "end": {"line": 213, "column": 42}
      },
      "213": {
        "start": {"line": 214, "column": 0},
        "end": {"line": 214, "column": 4}
      },
      "215": {
        "start": {"line": 216, "column": 0},
        "end": {"line": 216, "column": 36}
      },
      "216": {
        "start": {"line": 217, "column": 0},
        "end": {"line": 217, "column": 49}
      },
      "217": {
        "start": {"line": 218, "column": 0},
        "end": {"line": 218, "column": 4}
      },
      "219": {
        "start": {"line": 220, "column": 0},
        "end": {"line": 220, "column": 35}
      },
      "220": {
        "start": {"line": 221, "column": 0},
        "end": {"line": 221, "column": 48}
      },
      "221": {
        "start": {"line": 222, "column": 0},
        "end": {"line": 222, "column": 4}
      },
      "224": {
        "start": {"line": 225, "column": 0},
        "end": {"line": 225, "column": 60}
      },
      "226": {
        "start": {"line": 227, "column": 0},
        "end": {"line": 227, "column": 66}
      },
      "227": {
        "start": {"line": 228, "column": 0},
        "end": {"line": 228, "column": 4}
      },
      "228": {
        "start": {"line": 229, "column": 0},
        "end": {"line": 229, "column": 2}
      }
    },
    "s": {
      "0": 0,
      "13": 0,
      "16": 0,
      "18": 0,
      "19": 0,
      "20": 0,
      "21": 0,
      "24": 0,
      "25": 0,
      "26": 0,
      "27": 0,
      "30": 0,
      "31": 0,
      "32": 0,
      "33": 0,
      "34": 0,
      "35": 0,
      "36": 0,
      "37": 0,
      "38": 0,
      "39": 0,
      "42": 0,
      "44": 0,
      "45": 0,
      "46": 0,
      "49": 0,
      "50": 0,
      "53": 0,
      "56": 0,
      "59": 0,
      "60": 0,
      "63": 0,
      "66": 0,
      "69": 0,
      "72": 0,
      "75": 0,
      "78": 0,
      "79": 0,
      "82": 0,
      "85": 0,
      "86": 0,
      "89": 0,
      "92": 0,
      "93": 0,
      "96": 0,
      "99": 0,
      "102": 0,
      "105": 0,
      "106": 0,
      "109": 0,
      "110": 0,
      "111": 0,
      "112": 0,
      "113": 0,
      "114": 0,
      "115": 0,
      "116": 0,
      "117": 0,
      "118": 0,
      "119": 0,
      "120": 0,
      "121": 0,
      "122": 0,
      "123": 0,
      "124": 0,
      "125": 0,
      "126": 0,
      "127": 0,
      "128": 0,
      "129": 0,
      "130": 0,
      "131": 0,
      "132": 0,
      "135": 0,
      "136": 0,
      "137": 0,
      "138": 0,
      "139": 0,
      "140": 0,
      "141": 0,
      "144": 0,
      "145": 0,
      "146": 0,
      "147": 0,
      "148": 0,
      "149": 0,
      "150": 0,
      "151": 0,
      "152": 0,
      "153": 0,
      "154": 0,
      "155": 0,
      "156": 0,
      "157": 0,
      "158": 0,
      "159": 0,
      "160": 0,
      "161": 0,
      "162": 0,
      "163": 0,
      "164": 0,
      "165": 0,
      "166": 0,
      "167": 0,
      "168": 0,
      "169": 0,
      "172": 0,
      "173": 0,
      "174": 0,
      "183": 0,
      "184": 0,
      "185": 0,
      "186": 0,
      "187": 0,
      "188": 0,
      "189": 0,
      "190": 0,
      "191": 0,
      "192": 0,
      "193": 0,
      "194": 0,
      "195": 0,
      "196": 0,
      "197": 0,
      "198": 0,
      "199": 0,
      "200": 0,
      "201": 0,
      "202": 0,
      "203": 0,
      "206": 0,
      "207": 0,
      "208": 0,
      "209": 0,
      "211": 0,
      "212": 0,
      "213": 0,
      "215": 0,
      "216": 0,
      "217": 0,
      "219": 0,
      "220": 0,
      "221": 0,
      "224": 0,
      "226": 0,
      "227": 0,
      "228": 0
    },
    "branchMap": {
      "0": {
        "type": "branch",
        "line": 1,
        "loc": {
          "start": {"line": 1, "column": 5444},
          "end": {"line": 229, "column": 2}
        },
        "locations": [
          {
            "start": {"line": 1, "column": 5444},
            "end": {"line": 229, "column": 2}
          }
        ]
      }
    },
    "b": {"0": [0]},
    "fnMap": {
      "0": {
        "name": "(empty-report)",
        "decl": {
          "start": {"line": 1, "column": 5444},
          "end": {"line": 229, "column": 2}
        },
        "loc": {
          "start": {"line": 1, "column": 5444},
          "end": {"line": 229, "column": 2}
        },
        "line": 1
      }
    },
    "f": {"0": 0}
  },
  "/Users/dmieloch/Dev/experiments/claudecodeui/tooling/testing/src/configs/playwright/browser.ts": {
    "path": "/Users/dmieloch/Dev/experiments/claudecodeui/tooling/testing/src/configs/playwright/browser.ts",
    "all": true,
    "statementMap": {
      "0": {"start": {"line": 1, "column": 0}, "end": {"line": 1, "column": 3}},
      "7": {
        "start": {"line": 8, "column": 0},
        "end": {"line": 8, "column": 102}
      },
      "9": {
        "start": {"line": 10, "column": 0},
        "end": {"line": 10, "column": 54}
      },
      "10": {
        "start": {"line": 11, "column": 0},
        "end": {"line": 11, "column": 25}
      },
      "11": {
        "start": {"line": 12, "column": 0},
        "end": {"line": 12, "column": 14}
      },
      "12": {
        "start": {"line": 13, "column": 0},
        "end": {"line": 13, "column": 23}
      },
      "13": {
        "start": {"line": 14, "column": 0},
        "end": {"line": 14, "column": 23}
      },
      "14": {
        "start": {"line": 15, "column": 0},
        "end": {"line": 15, "column": 26}
      },
      "15": {
        "start": {"line": 16, "column": 0},
        "end": {"line": 16, "column": 26}
      },
      "16": {
        "start": {"line": 17, "column": 0},
        "end": {"line": 17, "column": 4}
      },
      "17": {
        "start": {"line": 18, "column": 0},
        "end": {"line": 18, "column": 67}
      },
      "18": {
        "start": {"line": 19, "column": 0},
        "end": {"line": 19, "column": 13}
      },
      "19": {
        "start": {"line": 20, "column": 0},
        "end": {"line": 20, "column": 29}
      },
      "20": {
        "start": {"line": 21, "column": 0},
        "end": {"line": 21, "column": 28}
      },
      "21": {
        "start": {"line": 22, "column": 0},
        "end": {"line": 22, "column": 27}
      },
      "22": {
        "start": {"line": 23, "column": 0},
        "end": {"line": 23, "column": 34}
      },
      "23": {
        "start": {"line": 24, "column": 0},
        "end": {"line": 24, "column": 34}
      },
      "24": {
        "start": {"line": 25, "column": 0},
        "end": {"line": 25, "column": 4}
      },
      "25": {
        "start": {"line": 26, "column": 0},
        "end": {"line": 26, "column": 83}
      },
      "26": {
        "start": {"line": 27, "column": 0},
        "end": {"line": 27, "column": 3}
      }
    },
    "s": {
      "0": 0,
      "7": 0,
      "9": 0,
      "10": 0,
      "11": 0,
      "12": 0,
      "13": 0,
      "14": 0,
      "15": 0,
      "16": 0,
      "17": 0,
      "18": 0,
      "19": 0,
      "20": 0,
      "21": 0,
      "22": 0,
      "23": 0,
      "24": 0,
      "25": 0,
      "26": 0
    },
    "branchMap": {
      "0": {
        "type": "branch",
        "line": 1,
        "loc": {
          "start": {"line": 1, "column": 0},
          "end": {"line": 27, "column": -11}
        },
        "locations": [
          {
            "start": {"line": 1, "column": 0},
            "end": {"line": 27, "column": -11}
          }
        ]
      }
    },
    "b": {"0": [0]},
    "fnMap": {
      "0": {
        "name": "(empty-report)",
        "decl": {
          "start": {"line": 1, "column": 0},
          "end": {"line": 27, "column": -11}
        },
        "loc": {
          "start": {"line": 1, "column": 0},
          "end": {"line": 27, "column": -11}
        },
        "line": 1
      }
    },
    "f": {"0": 0}
  },
  "/Users/dmieloch/Dev/experiments/claudecodeui/tooling/testing/src/configs/playwright/storybook.ts": {
    "path": "/Users/dmieloch/Dev/experiments/claudecodeui/tooling/testing/src/configs/playwright/storybook.ts",
    "all": true,
    "statementMap": {
      "0": {"start": {"line": 1, "column": 0}, "end": {"line": 1, "column": 3}},
      "7": {
        "start": {"line": 8, "column": 0},
        "end": {"line": 8, "column": 119}
      },
      "9": {
        "start": {"line": 10, "column": 0},
        "end": {"line": 10, "column": 78}
      },
      "11": {
        "start": {"line": 12, "column": 0},
        "end": {"line": 12, "column": 56}
      },
      "12": {
        "start": {"line": 13, "column": 0},
        "end": {"line": 13, "column": 35}
      },
      "13": {
        "start": {"line": 14, "column": 0},
        "end": {"line": 14, "column": 14}
      },
      "14": {
        "start": {"line": 15, "column": 0},
        "end": {"line": 15, "column": 29}
      },
      "15": {
        "start": {"line": 16, "column": 0},
        "end": {"line": 16, "column": 31}
      },
      "16": {
        "start": {"line": 17, "column": 0},
        "end": {"line": 17, "column": 36}
      },
      "17": {
        "start": {"line": 18, "column": 0},
        "end": {"line": 18, "column": 4}
      },
      "18": {
        "start": {"line": 19, "column": 0},
        "end": {"line": 19, "column": 25}
      },
      "19": {
        "start": {"line": 20, "column": 0},
        "end": {"line": 20, "column": 13}
      },
      "20": {
        "start": {"line": 21, "column": 0},
        "end": {"line": 21, "column": 29}
      },
      "21": {
        "start": {"line": 22, "column": 0},
        "end": {"line": 22, "column": 28}
      },
      "22": {
        "start": {"line": 23, "column": 0},
        "end": {"line": 23, "column": 27}
      },
      "23": {
        "start": {"line": 24, "column": 0},
        "end": {"line": 24, "column": 34}
      },
      "24": {
        "start": {"line": 25, "column": 0},
        "end": {"line": 25, "column": 34}
      },
      "25": {
        "start": {"line": 26, "column": 0},
        "end": {"line": 26, "column": 4}
      },
      "26": {
        "start": {"line": 27, "column": 0},
        "end": {"line": 27, "column": 96}
      },
      "27": {
        "start": {"line": 28, "column": 0},
        "end": {"line": 28, "column": 8}
      },
      "29": {
        "start": {"line": 30, "column": 0},
        "end": {"line": 30, "column": 38}
      },
      "30": {
        "start": {"line": 31, "column": 0},
        "end": {"line": 31, "column": 4}
      },
      "31": {
        "start": {"line": 32, "column": 0},
        "end": {"line": 32, "column": 3}
      }
    },
    "s": {
      "0": 0,
      "7": 0,
      "9": 0,
      "11": 0,
      "12": 0,
      "13": 0,
      "14": 0,
      "15": 0,
      "16": 0,
      "17": 0,
      "18": 0,
      "19": 0,
      "20": 0,
      "21": 0,
      "22": 0,
      "23": 0,
      "24": 0,
      "25": 0,
      "26": 0,
      "27": 0,
      "29": 0,
      "30": 0,
      "31": 0
    },
    "branchMap": {
      "0": {
        "type": "branch",
        "line": 1,
        "loc": {
          "start": {"line": 1, "column": 0},
          "end": {"line": 32, "column": -103}
        },
        "locations": [
          {
            "start": {"line": 1, "column": 0},
            "end": {"line": 32, "column": -103}
          }
        ]
      }
    },
    "b": {"0": [0]},
    "fnMap": {
      "0": {
        "name": "(empty-report)",
        "decl": {
          "start": {"line": 1, "column": 0},
          "end": {"line": 32, "column": -103}
        },
        "loc": {
          "start": {"line": 1, "column": 0},
          "end": {"line": 32, "column": -103}
        },
        "line": 1
      }
    },
    "f": {"0": 0}
  },
  "/Users/dmieloch/Dev/experiments/claudecodeui/tooling/testing/src/configs/storybook/test-runner.ts": {
    "path": "/Users/dmieloch/Dev/experiments/claudecodeui/tooling/testing/src/configs/storybook/test-runner.ts",
    "all": true,
    "statementMap": {
      "0": {"start": {"line": 1, "column": 0}, "end": {"line": 1, "column": 3}},
      "6": {
        "start": {"line": 7, "column": 0},
        "end": {"line": 7, "column": 54}
      },
      "8": {
        "start": {"line": 9, "column": 0},
        "end": {"line": 9, "column": 75}
      },
      "10": {
        "start": {"line": 11, "column": 0},
        "end": {"line": 11, "column": 34}
      },
      "12": {
        "start": {"line": 13, "column": 0},
        "end": {"line": 13, "column": 24}
      },
      "14": {
        "start": {"line": 15, "column": 0},
        "end": {"line": 15, "column": 26}
      },
      "17": {
        "start": {"line": 18, "column": 0},
        "end": {"line": 18, "column": 23}
      },
      "18": {
        "start": {"line": 19, "column": 0},
        "end": {"line": 19, "column": 38}
      },
      "19": {
        "start": {"line": 20, "column": 0},
        "end": {"line": 20, "column": 39}
      },
      "20": {
        "start": {"line": 21, "column": 0},
        "end": {"line": 21, "column": 7}
      },
      "21": {
        "start": {"line": 22, "column": 0},
        "end": {"line": 22, "column": 4}
      },
      "24": {
        "start": {"line": 25, "column": 0},
        "end": {"line": 25, "column": 34}
      },
      "26": {
        "start": {"line": 27, "column": 0},
        "end": {"line": 27, "column": 46}
      },
      "27": {
        "start": {"line": 28, "column": 0},
        "end": {"line": 28, "column": 27}
      },
      "28": {
        "start": {"line": 29, "column": 0},
        "end": {"line": 29, "column": 30}
      },
      "29": {
        "start": {"line": 30, "column": 0},
        "end": {"line": 30, "column": 19}
      },
      "30": {
        "start": {"line": 31, "column": 0},
        "end": {"line": 31, "column": 8}
      },
      "32": {
        "start": {"line": 33, "column": 0},
        "end": {"line": 33, "column": 19}
      },
      "33": {
        "start": {"line": 34, "column": 0},
        "end": {"line": 34, "column": 16}
      },
      "35": {
        "start": {"line": 36, "column": 0},
        "end": {"line": 36, "column": 76}
      },
      "36": {
        "start": {"line": 37, "column": 0},
        "end": {"line": 37, "column": 10}
      },
      "37": {
        "start": {"line": 38, "column": 0},
        "end": {"line": 38, "column": 8}
      },
      "38": {
        "start": {"line": 39, "column": 0},
        "end": {"line": 39, "column": 7}
      },
      "41": {
        "start": {"line": 42, "column": 0},
        "end": {"line": 42, "column": 57}
      },
      "42": {
        "start": {"line": 43, "column": 0},
        "end": {"line": 43, "column": 37}
      },
      "43": {
        "start": {"line": 44, "column": 0},
        "end": {"line": 44, "column": 38}
      },
      "44": {
        "start": {"line": 45, "column": 0},
        "end": {"line": 45, "column": 7}
      },
      "47": {
        "start": {"line": 48, "column": 0},
        "end": {"line": 48, "column": 53}
      },
      "48": {
        "start": {"line": 49, "column": 0},
        "end": {"line": 49, "column": 46}
      },
      "51": {
        "start": {"line": 52, "column": 0},
        "end": {"line": 52, "column": 59}
      },
      "52": {
        "start": {"line": 53, "column": 0},
        "end": {"line": 53, "column": 25}
      },
      "53": {
        "start": {"line": 54, "column": 0},
        "end": {"line": 54, "column": 40}
      },
      "54": {
        "start": {"line": 55, "column": 0},
        "end": {"line": 55, "column": 50}
      },
      "55": {
        "start": {"line": 56, "column": 0},
        "end": {"line": 56, "column": 9}
      },
      "56": {
        "start": {"line": 57, "column": 0},
        "end": {"line": 57, "column": 5}
      },
      "57": {
        "start": {"line": 58, "column": 0},
        "end": {"line": 58, "column": 4}
      },
      "60": {
        "start": {"line": 61, "column": 0},
        "end": {"line": 61, "column": 9}
      },
      "61": {
        "start": {"line": 62, "column": 0},
        "end": {"line": 62, "column": 22}
      },
      "62": {
        "start": {"line": 63, "column": 0},
        "end": {"line": 63, "column": 37}
      },
      "63": {
        "start": {"line": 64, "column": 0},
        "end": {"line": 64, "column": 4}
      },
      "66": {
        "start": {"line": 67, "column": 0},
        "end": {"line": 67, "column": 21}
      },
      "69": {
        "start": {"line": 70, "column": 0},
        "end": {"line": 70, "column": 17}
      },
      "71": {
        "start": {"line": 72, "column": 0},
        "end": {"line": 72, "column": 50}
      },
      "72": {
        "start": {"line": 73, "column": 0},
        "end": {"line": 73, "column": 59}
      },
      "74": {
        "start": {"line": 75, "column": 0},
        "end": {"line": 75, "column": 71}
      },
      "75": {
        "start": {"line": 76, "column": 0},
        "end": {"line": 76, "column": 4}
      },
      "78": {
        "start": {"line": 79, "column": 0},
        "end": {"line": 79, "column": 20}
      },
      "80": {
        "start": {"line": 81, "column": 0},
        "end": {"line": 81, "column": 33}
      },
      "83": {
        "start": {"line": 84, "column": 0},
        "end": {"line": 84, "column": 51}
      },
      "84": {
        "start": {"line": 85, "column": 0},
        "end": {"line": 85, "column": 53}
      },
      "85": {
        "start": {"line": 86, "column": 0},
        "end": {"line": 86, "column": 113}
      },
      "86": {
        "start": {"line": 87, "column": 0},
        "end": {"line": 87, "column": 22}
      },
      "87": {
        "start": {"line": 88, "column": 0},
        "end": {"line": 88, "column": 12}
      },
      "88": {
        "start": {"line": 89, "column": 0},
        "end": {"line": 89, "column": 112}
      },
      "89": {
        "start": {"line": 90, "column": 0},
        "end": {"line": 90, "column": 5}
      },
      "90": {
        "start": {"line": 91, "column": 0},
        "end": {"line": 91, "column": 4}
      },
      "93": {
        "start": {"line": 94, "column": 0},
        "end": {"line": 94, "column": 18}
      },
      "94": {
        "start": {"line": 95, "column": 0},
        "end": {"line": 95, "column": 19}
      },
      "95": {
        "start": {"line": 96, "column": 0},
        "end": {"line": 96, "column": 9}
      },
      "96": {
        "start": {"line": 97, "column": 0},
        "end": {"line": 97, "column": 21}
      },
      "97": {
        "start": {"line": 98, "column": 0},
        "end": {"line": 98, "column": 6}
      },
      "99": {
        "start": {"line": 100, "column": 0},
        "end": {"line": 100, "column": 81}
      },
      "102": {
        "start": {"line": 103, "column": 0},
        "end": {"line": 103, "column": 61}
      },
      "103": {
        "start": {"line": 104, "column": 0},
        "end": {"line": 104, "column": 4}
      },
      "104": {
        "start": {"line": 105, "column": 0},
        "end": {"line": 105, "column": 2}
      },
      "107": {
        "start": {"line": 108, "column": 0},
        "end": {"line": 108, "column": 64}
      },
      "108": {
        "start": {"line": 109, "column": 0},
        "end": {"line": 109, "column": 52}
      },
      "109": {
        "start": {"line": 110, "column": 0},
        "end": {"line": 110, "column": 45}
      },
      "111": {
        "start": {"line": 112, "column": 0},
        "end": {"line": 112, "column": 101}
      },
      "112": {
        "start": {"line": 113, "column": 0},
        "end": {"line": 113, "column": 65}
      },
      "113": {
        "start": {"line": 114, "column": 0},
        "end": {"line": 114, "column": 1}
      },
      "115": {
        "start": {"line": 116, "column": 0},
        "end": {"line": 116, "column": 39}
      },
      "116": {
        "start": {"line": 117, "column": 0},
        "end": {"line": 117, "column": 79}
      },
      "117": {
        "start": {"line": 118, "column": 0},
        "end": {"line": 118, "column": 45}
      },
      "119": {
        "start": {"line": 120, "column": 0},
        "end": {"line": 120, "column": 45}
      },
      "120": {
        "start": {"line": 121, "column": 0},
        "end": {"line": 121, "column": 74}
      },
      "123": {
        "start": {"line": 124, "column": 0},
        "end": {"line": 124, "column": 46}
      },
      "124": {
        "start": {"line": 125, "column": 0},
        "end": {"line": 125, "column": 80}
      },
      "125": {
        "start": {"line": 126, "column": 0},
        "end": {"line": 126, "column": 33}
      },
      "126": {
        "start": {"line": 127, "column": 0},
        "end": {"line": 127, "column": 9}
      },
      "129": {
        "start": {"line": 130, "column": 0},
        "end": {"line": 130, "column": 16}
      },
      "130": {
        "start": {"line": 131, "column": 0},
        "end": {"line": 131, "column": 45}
      },
      "131": {
        "start": {"line": 132, "column": 0},
        "end": {"line": 132, "column": 35}
      },
      "132": {
        "start": {"line": 133, "column": 0},
        "end": {"line": 133, "column": 4}
      },
      "133": {
        "start": {"line": 134, "column": 0},
        "end": {"line": 134, "column": 1}
      },
      "135": {
        "start": {"line": 136, "column": 0},
        "end": {"line": 136, "column": 65}
      },
      "136": {
        "start": {"line": 137, "column": 0},
        "end": {"line": 137, "column": 63}
      },
      "137": {
        "start": {"line": 138, "column": 0},
        "end": {"line": 138, "column": 45}
      },
      "139": {
        "start": {"line": 140, "column": 0},
        "end": {"line": 140, "column": 76}
      },
      "141": {
        "start": {"line": 142, "column": 0},
        "end": {"line": 142, "column": 32}
      },
      "142": {
        "start": {"line": 143, "column": 0},
        "end": {"line": 143, "column": 67}
      },
      "143": {
        "start": {"line": 144, "column": 0},
        "end": {"line": 144, "column": 34}
      },
      "145": {
        "start": {"line": 146, "column": 0},
        "end": {"line": 146, "column": 21}
      },
      "146": {
        "start": {"line": 147, "column": 0},
        "end": {"line": 147, "column": 30}
      },
      "147": {
        "start": {"line": 148, "column": 0},
        "end": {"line": 148, "column": 28}
      },
      "148": {
        "start": {"line": 149, "column": 0},
        "end": {"line": 149, "column": 29}
      },
      "149": {
        "start": {"line": 150, "column": 0},
        "end": {"line": 150, "column": 23}
      },
      "150": {
        "start": {"line": 151, "column": 0},
        "end": {"line": 151, "column": 10}
      },
      "152": {
        "start": {"line": 153, "column": 0},
        "end": {"line": 153, "column": 23}
      },
      "153": {
        "start": {"line": 154, "column": 0},
        "end": {"line": 154, "column": 3}
      },
      "156": {
        "start": {"line": 157, "column": 0},
        "end": {"line": 157, "column": 24}
      },
      "157": {
        "start": {"line": 158, "column": 0},
        "end": {"line": 158, "column": 1}
      },
      "159": {
        "start": {"line": 160, "column": 0},
        "end": {"line": 160, "column": 22}
      }
    },
    "s": {
      "0": 0,
      "6": 0,
      "8": 0,
      "10": 0,
      "12": 0,
      "14": 0,
      "17": 0,
      "18": 0,
      "19": 0,
      "20": 0,
      "21": 0,
      "24": 0,
      "26": 0,
      "27": 0,
      "28": 0,
      "29": 0,
      "30": 0,
      "32": 0,
      "33": 0,
      "35": 0,
      "36": 0,
      "37": 0,
      "38": 0,
      "41": 0,
      "42": 0,
      "43": 0,
      "44": 0,
      "47": 0,
      "48": 0,
      "51": 0,
      "52": 0,
      "53": 0,
      "54": 0,
      "55": 0,
      "56": 0,
      "57": 0,
      "60": 0,
      "61": 0,
      "62": 0,
      "63": 0,
      "66": 0,
      "69": 0,
      "71": 0,
      "72": 0,
      "74": 0,
      "75": 0,
      "78": 0,
      "80": 0,
      "83": 0,
      "84": 0,
      "85": 0,
      "86": 0,
      "87": 0,
      "88": 0,
      "89": 0,
      "90": 0,
      "93": 0,
      "94": 0,
      "95": 0,
      "96": 0,
      "97": 0,
      "99": 0,
      "102": 0,
      "103": 0,
      "104": 0,
      "107": 0,
      "108": 0,
      "109": 0,
      "111": 0,
      "112": 0,
      "113": 0,
      "115": 0,
      "116": 0,
      "117": 0,
      "119": 0,
      "120": 0,
      "123": 0,
      "124": 0,
      "125": 0,
      "126": 0,
      "129": 0,
      "130": 0,
      "131": 0,
      "132": 0,
      "133": 0,
      "135": 0,
      "136": 0,
      "137": 0,
      "139": 0,
      "141": 0,
      "142": 0,
      "143": 0,
      "145": 0,
      "146": 0,
      "147": 0,
      "148": 0,
      "149": 0,
      "150": 0,
      "152": 0,
      "153": 0,
      "156": 0,
      "157": 0,
      "159": 0
    },
    "branchMap": {
      "0": {
        "type": "branch",
        "line": 1,
        "loc": {
          "start": {"line": 1, "column": 4851},
          "end": {"line": 160, "column": 22}
        },
        "locations": [
          {
            "start": {"line": 1, "column": 4851},
            "end": {"line": 160, "column": 22}
          }
        ]
      }
    },
    "b": {"0": [0]},
    "fnMap": {
      "0": {
        "name": "(empty-report)",
        "decl": {
          "start": {"line": 1, "column": 4851},
          "end": {"line": 160, "column": 22}
        },
        "loc": {
          "start": {"line": 1, "column": 4851},
          "end": {"line": 160, "column": 22}
        },
        "line": 1
      }
    },
    "f": {"0": 0}
  },
  "/Users/dmieloch/Dev/experiments/claudecodeui/tooling/testing/src/configs/vitest/base.ts": {
    "path": "/Users/dmieloch/Dev/experiments/claudecodeui/tooling/testing/src/configs/vitest/base.ts",
    "all": true,
    "statementMap": {
      "0": {"start": {"line": 1, "column": 0}, "end": {"line": 1, "column": 3}},
      "15": {
        "start": {"line": 16, "column": 0},
        "end": {"line": 16, "column": 31}
      },
      "18": {
        "start": {"line": 19, "column": 0},
        "end": {"line": 19, "column": 54}
      },
      "19": {
        "start": {"line": 20, "column": 0},
        "end": {"line": 20, "column": 27}
      },
      "20": {
        "start": {"line": 21, "column": 0},
        "end": {"line": 21, "column": 35}
      },
      "21": {
        "start": {"line": 22, "column": 0},
        "end": {"line": 22, "column": 2}
      },
      "24": {
        "start": {"line": 25, "column": 0},
        "end": {"line": 25, "column": 64}
      },
      "26": {
        "start": {"line": 27, "column": 0},
        "end": {"line": 27, "column": 41}
      },
      "29": {
        "start": {"line": 30, "column": 0},
        "end": {"line": 30, "column": 31}
      },
      "32": {
        "start": {"line": 33, "column": 0},
        "end": {"line": 33, "column": 46}
      },
      "35": {
        "start": {"line": 36, "column": 0},
        "end": {"line": 36, "column": 22}
      },
      "38": {
        "start": {"line": 39, "column": 0},
        "end": {"line": 39, "column": 12}
      },
      "39": {
        "start": {"line": 40, "column": 0},
        "end": {"line": 40, "column": 25}
      },
      "40": {
        "start": {"line": 41, "column": 0},
        "end": {"line": 41, "column": 17}
      },
      "41": {
        "start": {"line": 42, "column": 0},
        "end": {"line": 42, "column": 48}
      },
      "42": {
        "start": {"line": 43, "column": 0},
        "end": {"line": 43, "column": 21}
      },
      "43": {
        "start": {"line": 44, "column": 0},
        "end": {"line": 44, "column": 4}
      },
      "46": {
        "start": {"line": 47, "column": 0},
        "end": {"line": 47, "column": 16}
      },
      "49": {
        "start": {"line": 50, "column": 0},
        "end": {"line": 50, "column": 25}
      },
      "52": {
        "start": {"line": 53, "column": 0},
        "end": {"line": 53, "column": 34}
      },
      "53": {
        "start": {"line": 54, "column": 0},
        "end": {"line": 54, "column": 34}
      },
      "56": {
        "start": {"line": 57, "column": 0},
        "end": {"line": 57, "column": 20}
      },
      "59": {
        "start": {"line": 60, "column": 0},
        "end": {"line": 60, "column": 18}
      },
      "60": {
        "start": {"line": 61, "column": 0},
        "end": {"line": 61, "column": 16}
      },
      "61": {
        "start": {"line": 62, "column": 0},
        "end": {"line": 62, "column": 14}
      },
      "62": {
        "start": {"line": 63, "column": 0},
        "end": {"line": 63, "column": 26}
      },
      "63": {
        "start": {"line": 64, "column": 0},
        "end": {"line": 64, "column": 37}
      },
      "64": {
        "start": {"line": 65, "column": 0},
        "end": {"line": 65, "column": 20}
      },
      "65": {
        "start": {"line": 66, "column": 0},
        "end": {"line": 66, "column": 6}
      },
      "66": {
        "start": {"line": 67, "column": 0},
        "end": {"line": 67, "column": 4}
      },
      "69": {
        "start": {"line": 70, "column": 0},
        "end": {"line": 70, "column": 14}
      },
      "70": {
        "start": {"line": 71, "column": 0},
        "end": {"line": 71, "column": 19}
      },
      "71": {
        "start": {"line": 72, "column": 0},
        "end": {"line": 72, "column": 19}
      },
      "72": {
        "start": {"line": 73, "column": 0},
        "end": {"line": 73, "column": 32}
      },
      "73": {
        "start": {"line": 74, "column": 0},
        "end": {"line": 74, "column": 4}
      },
      "76": {
        "start": {"line": 77, "column": 0},
        "end": {"line": 77, "column": 64}
      },
      "79": {
        "start": {"line": 80, "column": 0},
        "end": {"line": 80, "column": 65}
      },
      "80": {
        "start": {"line": 81, "column": 0},
        "end": {"line": 81, "column": 2}
      },
      "83": {
        "start": {"line": 84, "column": 0},
        "end": {"line": 84, "column": 47}
      },
      "84": {
        "start": {"line": 85, "column": 0},
        "end": {"line": 85, "column": 41}
      },
      "87": {
        "start": {"line": 88, "column": 0},
        "end": {"line": 88, "column": 32}
      },
      "88": {
        "start": {"line": 89, "column": 0},
        "end": {"line": 89, "column": 9}
      },
      "89": {
        "start": {"line": 90, "column": 0},
        "end": {"line": 90, "column": 25}
      },
      "90": {
        "start": {"line": 91, "column": 0},
        "end": {"line": 91, "column": 25}
      },
      "91": {
        "start": {"line": 92, "column": 0},
        "end": {"line": 92, "column": 25}
      },
      "92": {
        "start": {"line": 93, "column": 0},
        "end": {"line": 93, "column": 30}
      },
      "93": {
        "start": {"line": 94, "column": 0},
        "end": {"line": 94, "column": 4}
      },
      "94": {
        "start": {"line": 95, "column": 0},
        "end": {"line": 95, "column": 16}
      },
      "95": {
        "start": {"line": 96, "column": 0},
        "end": {"line": 96, "column": 37}
      },
      "96": {
        "start": {"line": 97, "column": 0},
        "end": {"line": 97, "column": 37}
      },
      "97": {
        "start": {"line": 98, "column": 0},
        "end": {"line": 98, "column": 40}
      },
      "98": {
        "start": {"line": 99, "column": 0},
        "end": {"line": 99, "column": 40}
      },
      "99": {
        "start": {"line": 100, "column": 0},
        "end": {"line": 100, "column": 4}
      },
      "100": {
        "start": {"line": 101, "column": 0},
        "end": {"line": 101, "column": 8}
      },
      "101": {
        "start": {"line": 102, "column": 0},
        "end": {"line": 102, "column": 29}
      },
      "102": {
        "start": {"line": 103, "column": 0},
        "end": {"line": 103, "column": 29}
      },
      "103": {
        "start": {"line": 104, "column": 0},
        "end": {"line": 104, "column": 32}
      },
      "104": {
        "start": {"line": 105, "column": 0},
        "end": {"line": 105, "column": 32}
      },
      "105": {
        "start": {"line": 106, "column": 0},
        "end": {"line": 106, "column": 4}
      },
      "106": {
        "start": {"line": 107, "column": 0},
        "end": {"line": 107, "column": 14}
      },
      "107": {
        "start": {"line": 108, "column": 0},
        "end": {"line": 108, "column": 33}
      },
      "108": {
        "start": {"line": 109, "column": 0},
        "end": {"line": 109, "column": 31}
      },
      "109": {
        "start": {"line": 110, "column": 0},
        "end": {"line": 110, "column": 36}
      },
      "110": {
        "start": {"line": 111, "column": 0},
        "end": {"line": 111, "column": 40}
      },
      "111": {
        "start": {"line": 112, "column": 0},
        "end": {"line": 112, "column": 4}
      },
      "112": {
        "start": {"line": 113, "column": 0},
        "end": {"line": 113, "column": 2}
      },
      "115": {
        "start": {"line": 116, "column": 0},
        "end": {"line": 116, "column": 32}
      },
      "116": {
        "start": {"line": 117, "column": 0},
        "end": {"line": 117, "column": 9}
      },
      "117": {
        "start": {"line": 118, "column": 0},
        "end": {"line": 118, "column": 37}
      },
      "118": {
        "start": {"line": 119, "column": 0},
        "end": {"line": 119, "column": 37}
      },
      "119": {
        "start": {"line": 120, "column": 0},
        "end": {"line": 120, "column": 29}
      },
      "120": {
        "start": {"line": 121, "column": 0},
        "end": {"line": 121, "column": 29}
      },
      "121": {
        "start": {"line": 122, "column": 0},
        "end": {"line": 122, "column": 24}
      },
      "122": {
        "start": {"line": 123, "column": 0},
        "end": {"line": 123, "column": 16}
      },
      "123": {
        "start": {"line": 124, "column": 0},
        "end": {"line": 124, "column": 4}
      },
      "124": {
        "start": {"line": 125, "column": 0},
        "end": {"line": 125, "column": 16}
      },
      "125": {
        "start": {"line": 126, "column": 0},
        "end": {"line": 126, "column": 30}
      },
      "126": {
        "start": {"line": 127, "column": 0},
        "end": {"line": 127, "column": 30}
      },
      "127": {
        "start": {"line": 128, "column": 0},
        "end": {"line": 128, "column": 29}
      },
      "128": {
        "start": {"line": 129, "column": 0},
        "end": {"line": 129, "column": 29}
      },
      "129": {
        "start": {"line": 130, "column": 0},
        "end": {"line": 130, "column": 17}
      },
      "130": {
        "start": {"line": 131, "column": 0},
        "end": {"line": 131, "column": 16}
      },
      "131": {
        "start": {"line": 132, "column": 0},
        "end": {"line": 132, "column": 4}
      },
      "132": {
        "start": {"line": 133, "column": 0},
        "end": {"line": 133, "column": 8}
      },
      "133": {
        "start": {"line": 134, "column": 0},
        "end": {"line": 134, "column": 30}
      },
      "134": {
        "start": {"line": 135, "column": 0},
        "end": {"line": 135, "column": 30}
      },
      "135": {
        "start": {"line": 136, "column": 0},
        "end": {"line": 136, "column": 37}
      },
      "136": {
        "start": {"line": 137, "column": 0},
        "end": {"line": 137, "column": 37}
      },
      "137": {
        "start": {"line": 138, "column": 0},
        "end": {"line": 138, "column": 17}
      },
      "138": {
        "start": {"line": 139, "column": 0},
        "end": {"line": 139, "column": 24}
      },
      "139": {
        "start": {"line": 140, "column": 0},
        "end": {"line": 140, "column": 4}
      },
      "140": {
        "start": {"line": 141, "column": 0},
        "end": {"line": 141, "column": 14}
      },
      "141": {
        "start": {"line": 142, "column": 0},
        "end": {"line": 142, "column": 30}
      },
      "142": {
        "start": {"line": 143, "column": 0},
        "end": {"line": 143, "column": 37}
      },
      "143": {
        "start": {"line": 144, "column": 0},
        "end": {"line": 144, "column": 29}
      },
      "144": {
        "start": {"line": 145, "column": 0},
        "end": {"line": 145, "column": 4}
      },
      "145": {
        "start": {"line": 146, "column": 0},
        "end": {"line": 146, "column": 2}
      },
      "148": {
        "start": {"line": 149, "column": 0},
        "end": {"line": 149, "column": 29}
      },
      "149": {
        "start": {"line": 150, "column": 0},
        "end": {"line": 150, "column": 23}
      },
      "150": {
        "start": {"line": 151, "column": 0},
        "end": {"line": 151, "column": 3}
      },
      "153": {
        "start": {"line": 154, "column": 0},
        "end": {"line": 154, "column": 38}
      },
      "154": {
        "start": {"line": 155, "column": 0},
        "end": {"line": 155, "column": 15}
      },
      "155": {
        "start": {"line": 156, "column": 0},
        "end": {"line": 156, "column": 12}
      },
      "165": {
        "start": {"line": 166, "column": 0},
        "end": {"line": 166, "column": 8}
      },
      "166": {
        "start": {"line": 167, "column": 0},
        "end": {"line": 167, "column": 15}
      },
      "167": {
        "start": {"line": 168, "column": 0},
        "end": {"line": 168, "column": 10}
      },
      "168": {
        "start": {"line": 169, "column": 0},
        "end": {"line": 169, "column": 11}
      },
      "169": {
        "start": {"line": 170, "column": 0},
        "end": {"line": 170, "column": 11}
      },
      "170": {
        "start": {"line": 171, "column": 0},
        "end": {"line": 171, "column": 39}
      },
      "171": {
        "start": {"line": 172, "column": 0},
        "end": {"line": 172, "column": 51}
      },
      "172": {
        "start": {"line": 173, "column": 0},
        "end": {"line": 173, "column": 49}
      },
      "173": {
        "start": {"line": 174, "column": 0},
        "end": {"line": 174, "column": 37}
      },
      "174": {
        "start": {"line": 175, "column": 0},
        "end": {"line": 175, "column": 31}
      },
      "175": {
        "start": {"line": 176, "column": 0},
        "end": {"line": 176, "column": 16}
      },
      "176": {
        "start": {"line": 177, "column": 0},
        "end": {"line": 177, "column": 42}
      },
      "177": {
        "start": {"line": 178, "column": 0},
        "end": {"line": 178, "column": 35}
      },
      "178": {
        "start": {"line": 179, "column": 0},
        "end": {"line": 179, "column": 8}
      },
      "179": {
        "start": {"line": 180, "column": 0},
        "end": {"line": 180, "column": 17}
      },
      "180": {
        "start": {"line": 181, "column": 0},
        "end": {"line": 181, "column": 30}
      },
      "181": {
        "start": {"line": 182, "column": 0},
        "end": {"line": 182, "column": 28}
      },
      "182": {
        "start": {"line": 183, "column": 0},
        "end": {"line": 183, "column": 8}
      },
      "183": {
        "start": {"line": 184, "column": 0},
        "end": {"line": 184, "column": 23}
      },
      "184": {
        "start": {"line": 185, "column": 0},
        "end": {"line": 185, "column": 51}
      },
      "185": {
        "start": {"line": 186, "column": 0},
        "end": {"line": 186, "column": 6}
      },
      "186": {
        "start": {"line": 187, "column": 0},
        "end": {"line": 187, "column": 4}
      },
      "187": {
        "start": {"line": 188, "column": 0},
        "end": {"line": 188, "column": 1}
      }
    },
    "s": {
      "0": 0,
      "15": 0,
      "18": 0,
      "19": 0,
      "20": 0,
      "21": 0,
      "24": 0,
      "26": 0,
      "29": 0,
      "32": 0,
      "35": 0,
      "38": 0,
      "39": 0,
      "40": 0,
      "41": 0,
      "42": 0,
      "43": 0,
      "46": 0,
      "49": 0,
      "52": 0,
      "53": 0,
      "56": 0,
      "59": 0,
      "60": 0,
      "61": 0,
      "62": 0,
      "63": 0,
      "64": 0,
      "65": 0,
      "66": 0,
      "69": 0,
      "70": 0,
      "71": 0,
      "72": 0,
      "73": 0,
      "76": 0,
      "79": 0,
      "80": 0,
      "83": 0,
      "84": 0,
      "87": 0,
      "88": 0,
      "89": 0,
      "90": 0,
      "91": 0,
      "92": 0,
      "93": 0,
      "94": 0,
      "95": 0,
      "96": 0,
      "97": 0,
      "98": 0,
      "99": 0,
      "100": 0,
      "101": 0,
      "102": 0,
      "103": 0,
      "104": 0,
      "105": 0,
      "106": 0,
      "107": 0,
      "108": 0,
      "109": 0,
      "110": 0,
      "111": 0,
      "112": 0,
      "115": 0,
      "116": 0,
      "117": 0,
      "118": 0,
      "119": 0,
      "120": 0,
      "121": 0,
      "122": 0,
      "123": 0,
      "124": 0,
      "125": 0,
      "126": 0,
      "127": 0,
      "128": 0,
      "129": 0,
      "130": 0,
      "131": 0,
      "132": 0,
      "133": 0,
      "134": 0,
      "135": 0,
      "136": 0,
      "137": 0,
      "138": 0,
      "139": 0,
      "140": 0,
      "141": 0,
      "142": 0,
      "143": 0,
      "144": 0,
      "145": 0,
      "148": 0,
      "149": 0,
      "150": 0,
      "153": 0,
      "154": 0,
      "155": 0,
      "165": 0,
      "166": 0,
      "167": 0,
      "168": 0,
      "169": 0,
      "170": 0,
      "171": 0,
      "172": 0,
      "173": 0,
      "174": 0,
      "175": 0,
      "176": 0,
      "177": 0,
      "178": 0,
      "179": 0,
      "180": 0,
      "181": 0,
      "182": 0,
      "183": 0,
      "184": 0,
      "185": 0,
      "186": 0,
      "187": 0
    },
    "branchMap": {
      "0": {
        "type": "branch",
        "line": 1,
        "loc": {
          "start": {"line": 1, "column": 4762},
          "end": {"line": 188, "column": 1}
        },
        "locations": [
          {
            "start": {"line": 1, "column": 4762},
            "end": {"line": 188, "column": 1}
          }
        ]
      }
    },
    "b": {"0": [0]},
    "fnMap": {
      "0": {
        "name": "(empty-report)",
        "decl": {
          "start": {"line": 1, "column": 4762},
          "end": {"line": 188, "column": 1}
        },
        "loc": {
          "start": {"line": 1, "column": 4762},
          "end": {"line": 188, "column": 1}
        },
        "line": 1
      }
    },
    "f": {"0": 0}
  },
  "/Users/dmieloch/Dev/experiments/claudecodeui/tooling/testing/src/configs/vitest/e2e.ts": {
    "path": "/Users/dmieloch/Dev/experiments/claudecodeui/tooling/testing/src/configs/vitest/e2e.ts",
    "all": true,
    "statementMap": {
      "0": {"start": {"line": 1, "column": 0}, "end": {"line": 1, "column": 3}},
      "8": {
        "start": {"line": 9, "column": 0},
        "end": {"line": 9, "column": 44}
      },
      "9": {
        "start": {"line": 10, "column": 0},
        "end": {"line": 10, "column": 93}
      },
      "11": {
        "start": {"line": 12, "column": 0},
        "end": {"line": 12, "column": 60}
      },
      "13": {
        "start": {"line": 14, "column": 0},
        "end": {"line": 14, "column": 27}
      },
      "14": {
        "start": {"line": 15, "column": 0},
        "end": {"line": 15, "column": 13}
      },
      "15": {
        "start": {"line": 16, "column": 0},
        "end": {"line": 16, "column": 32}
      },
      "16": {
        "start": {"line": 17, "column": 0},
        "end": {"line": 17, "column": 24}
      },
      "17": {
        "start": {"line": 18, "column": 0},
        "end": {"line": 18, "column": 20}
      },
      "18": {
        "start": {"line": 19, "column": 0},
        "end": {"line": 19, "column": 23}
      },
      "20": {
        "start": {"line": 21, "column": 0},
        "end": {"line": 21, "column": 33}
      },
      "21": {
        "start": {"line": 22, "column": 0},
        "end": {"line": 22, "column": 33}
      },
      "22": {
        "start": {"line": 23, "column": 0},
        "end": {"line": 23, "column": 15}
      },
      "23": {
        "start": {"line": 24, "column": 0},
        "end": {"line": 24, "column": 67}
      },
      "24": {
        "start": {"line": 25, "column": 0},
        "end": {"line": 25, "column": 6}
      },
      "25": {
        "start": {"line": 26, "column": 0},
        "end": {"line": 26, "column": 10}
      },
      "26": {
        "start": {"line": 27, "column": 0},
        "end": {"line": 27, "column": 23}
      },
      "27": {
        "start": {"line": 28, "column": 0},
        "end": {"line": 28, "column": 23}
      },
      "28": {
        "start": {"line": 29, "column": 0},
        "end": {"line": 29, "column": 6}
      },
      "29": {
        "start": {"line": 30, "column": 0},
        "end": {"line": 30, "column": 73}
      },
      "30": {
        "start": {"line": 31, "column": 0},
        "end": {"line": 31, "column": 4}
      },
      "31": {
        "start": {"line": 32, "column": 0},
        "end": {"line": 32, "column": 2}
      }
    },
    "s": {
      "0": 0,
      "8": 0,
      "9": 0,
      "11": 0,
      "13": 0,
      "14": 0,
      "15": 0,
      "16": 0,
      "17": 0,
      "18": 0,
      "20": 0,
      "21": 0,
      "22": 0,
      "23": 0,
      "24": 0,
      "25": 0,
      "26": 0,
      "27": 0,
      "28": 0,
      "29": 0,
      "30": 0,
      "31": 0
    },
    "branchMap": {
      "0": {
        "type": "branch",
        "line": 1,
        "loc": {
          "start": {"line": 1, "column": 0},
          "end": {"line": 32, "column": -68}
        },
        "locations": [
          {
            "start": {"line": 1, "column": 0},
            "end": {"line": 32, "column": -68}
          }
        ]
      }
    },
    "b": {"0": [0]},
    "fnMap": {
      "0": {
        "name": "(empty-report)",
        "decl": {
          "start": {"line": 1, "column": 0},
          "end": {"line": 32, "column": -68}
        },
        "loc": {
          "start": {"line": 1, "column": 0},
          "end": {"line": 32, "column": -68}
        },
        "line": 1
      }
    },
    "f": {"0": 0}
  },
  "/Users/dmieloch/Dev/experiments/claudecodeui/tooling/testing/src/configs/vitest/integration.ts": {
    "path": "/Users/dmieloch/Dev/experiments/claudecodeui/tooling/testing/src/configs/vitest/integration.ts",
    "all": true,
    "statementMap": {
      "0": {"start": {"line": 1, "column": 0}, "end": {"line": 1, "column": 3}},
      "8": {
        "start": {"line": 9, "column": 0},
        "end": {"line": 9, "column": 44}
      },
      "9": {
        "start": {"line": 10, "column": 0},
        "end": {"line": 10, "column": 93}
      },
      "11": {
        "start": {"line": 12, "column": 0},
        "end": {"line": 12, "column": 27}
      },
      "12": {
        "start": {"line": 13, "column": 0},
        "end": {"line": 13, "column": 13}
      },
      "13": {
        "start": {"line": 14, "column": 0},
        "end": {"line": 14, "column": 40}
      },
      "14": {
        "start": {"line": 15, "column": 0},
        "end": {"line": 15, "column": 24}
      },
      "15": {
        "start": {"line": 16, "column": 0},
        "end": {"line": 16, "column": 22}
      },
      "16": {
        "start": {"line": 17, "column": 0},
        "end": {"line": 17, "column": 23}
      },
      "18": {
        "start": {"line": 19, "column": 0},
        "end": {"line": 19, "column": 41}
      },
      "19": {
        "start": {"line": 20, "column": 0},
        "end": {"line": 20, "column": 41}
      },
      "20": {
        "start": {"line": 21, "column": 0},
        "end": {"line": 21, "column": 15}
      },
      "21": {
        "start": {"line": 22, "column": 0},
        "end": {"line": 22, "column": 37}
      },
      "22": {
        "start": {"line": 23, "column": 0},
        "end": {"line": 23, "column": 16}
      },
      "23": {
        "start": {"line": 24, "column": 0},
        "end": {"line": 24, "column": 45}
      },
      "24": {
        "start": {"line": 25, "column": 0},
        "end": {"line": 25, "column": 45}
      },
      "25": {
        "start": {"line": 26, "column": 0},
        "end": {"line": 26, "column": 32}
      },
      "26": {
        "start": {"line": 27, "column": 0},
        "end": {"line": 27, "column": 8}
      },
      "27": {
        "start": {"line": 28, "column": 0},
        "end": {"line": 28, "column": 6}
      },
      "28": {
        "start": {"line": 29, "column": 0},
        "end": {"line": 29, "column": 10}
      },
      "29": {
        "start": {"line": 30, "column": 0},
        "end": {"line": 30, "column": 23}
      },
      "30": {
        "start": {"line": 31, "column": 0},
        "end": {"line": 31, "column": 31}
      },
      "31": {
        "start": {"line": 32, "column": 0},
        "end": {"line": 32, "column": 6}
      },
      "32": {
        "start": {"line": 33, "column": 0},
        "end": {"line": 33, "column": 4}
      },
      "33": {
        "start": {"line": 34, "column": 0},
        "end": {"line": 34, "column": 2}
      }
    },
    "s": {
      "0": 0,
      "8": 0,
      "9": 0,
      "11": 0,
      "12": 0,
      "13": 0,
      "14": 0,
      "15": 0,
      "16": 0,
      "18": 0,
      "19": 0,
      "20": 0,
      "21": 0,
      "22": 0,
      "23": 0,
      "24": 0,
      "25": 0,
      "26": 0,
      "27": 0,
      "28": 0,
      "29": 0,
      "30": 0,
      "31": 0,
      "32": 0,
      "33": 0
    },
    "branchMap": {
      "0": {
        "type": "branch",
        "line": 1,
        "loc": {
          "start": {"line": 1, "column": 0},
          "end": {"line": 34, "column": -80}
        },
        "locations": [
          {
            "start": {"line": 1, "column": 0},
            "end": {"line": 34, "column": -80}
          }
[...]
      "15": 0,
      "16": 0,
      "17": 0,
      "18": 0,
      "19": 0,
      "21": 0,
      "22": 0,
      "23": 0,
      "25": 0,
      "26": 0,
      "27": 0,
      "28": 0,
      "30": 0,
      "31": 0,
      "33": 0,
      "34": 0,
      "35": 0,
      "36": 0,
      "41": 0,
      "45": 0,
      "46": 0,
      "47": 0,
      "48": 0,
      "49": 0,
      "51": 0,
      "52": 0,
      "53": 0,
      "55": 0,
      "56": 0,
      "57": 0,
      "62": 0,
      "63": 0,
      "64": 0,
      "69": 0,
      "70": 0,
      "71": 0,
      "72": 0,
      "77": 0,
      "78": 0,
      "79": 0,
      "80": 0,
      "81": 0,
      "82": 0,
      "83": 0,
      "88": 0,
      "93": 0,
      "94": 0,
      "95": 0,
      "96": 0,
      "97": 0,
      "98": 0,
      "99": 0,
      "100": 0,
      "101": 0,
      "102": 0,
      "103": 0,
      "104": 0,
      "105": 0,
      "106": 0,
      "107": 0,
      "108": 0,
      "109": 0,
      "110": 0,
      "111": 0,
      "114": 0,
      "115": 0,
      "116": 0,
      "121": 0,
      "123": 0,
      "126": 0,
      "129": 0,
      "130": 0,
      "131": 0,
      "132": 0,
      "133": 0,
      "134": 0,
      "137": 0,
      "138": 0,
      "139": 0,
      "140": 0,
      "141": 0,
      "142": 0,
      "144": 0,
      "145": 0,
      "147": 0,
      "148": 0,
      "153": 0,
      "154": 0,
      "155": 0,
      "156": 0,
      "157": 0,
      "158": 0,
      "160": 0,
      "161": 0,
      "162": 0,
      "163": 0,
      "165": 0,
      "166": 0,
      "167": 0,
      "169": 0,
      "170": 0,
      "175": 0,
      "176": 0,
      "177": 0,
      "178": 0,
      "179": 0,
      "180": 0,
      "181": 0,
      "182": 0,
      "187": 0,
      "188": 0,
      "190": 0,
      "191": 0,
      "192": 0,
      "193": 0,
      "194": 0,
      "195": 0,
      "196": 0,
      "197": 0,
      "198": 0,
      "199": 0,
      "200": 0,
      "201": 0,
      "202": 0,
      "203": 0,
      "204": 0,
      "209": 0,
      "210": 0,
      "211": 0,
      "218": 0,
      "224": 0,
      "225": 0,
      "226": 0,
      "227": 0,
      "229": 0,
      "231": 0,
      "232": 0,
      "233": 0,
      "234": 0,
      "236": 0,
      "237": 0,
      "238": 0,
      "239": 0,
      "240": 0,
      "242": 0,
      "243": 0,
      "244": 0,
      "245": 0,
      "246": 0,
      "248": 0,
      "249": 0,
      "250": 0,
      "251": 0,
      "252": 0,
      "253": 0,
      "255": 0,
      "256": 0,
      "257": 0,
      "258": 0,
      "259": 0,
      "260": 0,
      "261": 0,
      "262": 0,
      "263": 0
    },
    "branchMap": {
      "0": {
        "type": "branch",
        "line": 1,
        "loc": {
          "start": {"line": 1, "column": 7194},
          "end": {"line": 267, "column": 42}
        },
        "locations": [
          {
            "start": {"line": 1, "column": 7194},
            "end": {"line": 267, "column": 42}
          }
        ]
      }
    },
    "b": {"0": [0]},
    "fnMap": {
      "0": {
        "name": "(empty-report)",
        "decl": {
          "start": {"line": 1, "column": 7194},
          "end": {"line": 267, "column": 42}
        },
        "loc": {
          "start": {"line": 1, "column": 7194},
          "end": {"line": 267, "column": 42}
        },
        "line": 1
      }
    },
    "f": {"0": 0}
  },
  "/Users/dmieloch/Dev/experiments/claudecodeui/tooling/testing/src/utilities/storybook/interaction.ts": {
    "path": "/Users/dmieloch/Dev/experiments/claudecodeui/tooling/testing/src/utilities/storybook/interaction.ts",
    "all": true,
    "statementMap": {
      "0": {"start": {"line": 1, "column": 0}, "end": {"line": 1, "column": 3}},
      "11": {
        "start": {"line": 12, "column": 0},
        "end": {"line": 12, "column": 29}
      },
      "15": {
        "start": {"line": 16, "column": 0},
        "end": {"line": 16, "column": 75}
      },
      "16": {
        "start": {"line": 17, "column": 0},
        "end": {"line": 17, "column": 74}
      },
      "17": {
        "start": {"line": 18, "column": 0},
        "end": {"line": 18, "column": 35}
      },
      "18": {
        "start": {"line": 19, "column": 0},
        "end": {"line": 19, "column": 4}
      },
      "23": {
        "start": {"line": 24, "column": 0},
        "end": {"line": 24, "column": 85}
      },
      "24": {
        "start": {"line": 25, "column": 0},
        "end": {"line": 25, "column": 73}
      },
      "25": {
        "start": {"line": 26, "column": 0},
        "end": {"line": 26, "column": 33}
      },
      "26": {
        "start": {"line": 27, "column": 0},
        "end": {"line": 27, "column": 38}
      },
      "27": {
        "start": {"line": 28, "column": 0},
        "end": {"line": 28, "column": 4}
      },
      "32": {
        "start": {"line": 33, "column": 0},
        "end": {"line": 33, "column": 91}
      },
      "33": {
        "start": {"line": 34, "column": 0},
        "end": {"line": 34, "column": 75}
      },
      "34": {
        "start": {"line": 35, "column": 0},
        "end": {"line": 35, "column": 50}
      },
      "35": {
        "start": {"line": 36, "column": 0},
        "end": {"line": 36, "column": 4}
      },
      "40": {
        "start": {"line": 41, "column": 0},
        "end": {"line": 41, "column": 77}
      },
      "41": {
        "start": {"line": 42, "column": 0},
        "end": {"line": 42, "column": 77}
      },
      "42": {
        "start": {"line": 43, "column": 0},
        "end": {"line": 43, "column": 36}
      },
      "43": {
        "start": {"line": 44, "column": 0},
        "end": {"line": 44, "column": 4}
      },
      "48": {
        "start": {"line": 49, "column": 0},
        "end": {"line": 49, "column": 87}
      },
      "49": {
        "start": {"line": 50, "column": 0},
        "end": {"line": 50, "column": 38}
      },
      "50": {
        "start": {"line": 51, "column": 0},
        "end": {"line": 51, "column": 53}
      },
      "51": {
        "start": {"line": 52, "column": 0},
        "end": {"line": 52, "column": 7}
      },
      "52": {
        "start": {"line": 53, "column": 0},
        "end": {"line": 53, "column": 4}
      },
      "57": {
        "start": {"line": 58, "column": 0},
        "end": {"line": 58, "column": 69}
      },
      "58": {
        "start": {"line": 59, "column": 0},
        "end": {"line": 59, "column": 50}
      },
      "59": {
        "start": {"line": 60, "column": 0},
        "end": {"line": 60, "column": 46}
      },
      "60": {
        "start": {"line": 61, "column": 0},
        "end": {"line": 61, "column": 4}
      },
      "65": {
        "start": {"line": 66, "column": 0},
        "end": {"line": 66, "column": 45}
      },
      "66": {
        "start": {"line": 67, "column": 0},
        "end": {"line": 67, "column": 40}
      },
      "67": {
        "start": {"line": 68, "column": 0},
        "end": {"line": 68, "column": 4}
      },
      "72": {
        "start": {"line": 73, "column": 0},
        "end": {"line": 73, "column": 46}
      },
      "73": {
        "start": {"line": 74, "column": 0},
        "end": {"line": 74, "column": 41}
      },
      "74": {
        "start": {"line": 75, "column": 0},
        "end": {"line": 75, "column": 4}
      },
      "75": {
        "start": {"line": 76, "column": 0},
        "end": {"line": 76, "column": 2}
      },
      "87": {
        "start": {"line": 88, "column": 0},
        "end": {"line": 88, "column": 41}
      },
      "88": {
        "start": {"line": 89, "column": 0},
        "end": {"line": 89, "column": 83}
      },
      "89": {
        "start": {"line": 90, "column": 0},
        "end": {"line": 90, "column": 23}
      },
      "90": {
        "start": {"line": 91, "column": 0},
        "end": {"line": 91, "column": 10}
      },
      "91": {
        "start": {"line": 92, "column": 0},
        "end": {"line": 92, "column": 30}
      },
      "92": {
        "start": {"line": 93, "column": 0},
        "end": {"line": 93, "column": 26}
      },
      "93": {
        "start": {"line": 94, "column": 0},
        "end": {"line": 94, "column": 6}
      },
      "94": {
        "start": {"line": 95, "column": 0},
        "end": {"line": 95, "column": 4}
      },
      "95": {
        "start": {"line": 96, "column": 0},
        "end": {"line": 96, "column": 1}
      },
      "100": {
        "start": {"line": 101, "column": 0},
        "end": {"line": 101, "column": 32}
      },
      "104": {
        "start": {"line": 105, "column": 0},
        "end": {"line": 105, "column": 23}
      },
      "105": {
        "start": {"line": 106, "column": 0},
        "end": {"line": 106, "column": 35}
      },
      "106": {
        "start": {"line": 107, "column": 0},
        "end": {"line": 107, "column": 27}
      },
      "107": {
        "start": {"line": 108, "column": 0},
        "end": {"line": 108, "column": 29}
      },
      "108": {
        "start": {"line": 109, "column": 0},
        "end": {"line": 109, "column": 46}
      },
      "109": {
        "start": {"line": 110, "column": 0},
        "end": {"line": 110, "column": 43}
      },
      "111": {
        "start": {"line": 112, "column": 0},
        "end": {"line": 112, "column": 50}
      },
      "112": {
        "start": {"line": 113, "column": 0},
        "end": {"line": 113, "column": 62}
      },
      "113": {
        "start": {"line": 114, "column": 0},
        "end": {"line": 114, "column": 60}
      },
      "114": {
        "start": {"line": 115, "column": 0},
        "end": {"line": 115, "column": 9}
      },
      "115": {
        "start": {"line": 116, "column": 0},
        "end": {"line": 116, "column": 9}
      },
      "117": {
        "start": {"line": 118, "column": 0},
        "end": {"line": 118, "column": 45}
      },
      "118": {
        "start": {"line": 119, "column": 0},
        "end": {"line": 119, "column": 62}
      },
      "119": {
        "start": {"line": 120, "column": 0},
        "end": {"line": 120, "column": 9}
      },
      "121": {
        "start": {"line": 122, "column": 0},
        "end": {"line": 122, "column": 51}
      },
      "123": {
        "start": {"line": 124, "column": 0},
        "end": {"line": 124, "column": 35}
      },
      "124": {
        "start": {"line": 125, "column": 0},
        "end": {"line": 125, "column": 65}
      },
      "125": {
        "start": {"line": 126, "column": 0},
        "end": {"line": 126, "column": 11}
      },
      "126": {
        "start": {"line": 127, "column": 0},
        "end": {"line": 127, "column": 9}
      },
      "127": {
        "start": {"line": 128, "column": 0},
        "end": {"line": 128, "column": 6}
      },
      "128": {
        "start": {"line": 129, "column": 0},
        "end": {"line": 129, "column": 5}
      },
      "133": {
        "start": {"line": 134, "column": 0},
        "end": {"line": 134, "column": 25}
      },
      "134": {
        "start": {"line": 135, "column": 0},
        "end": {"line": 135, "column": 23}
      },
      "135": {
        "start": {"line": 136, "column": 0},
        "end": {"line": 136, "column": 25}
      },
      "136": {
        "start": {"line": 137, "column": 0},
        "end": {"line": 137, "column": 29}
      },
      "137": {
        "start": {"line": 138, "column": 0},
        "end": {"line": 138, "column": 46}
      },
      "138": {
        "start": {"line": 139, "column": 0},
        "end": {"line": 139, "column": 43}
      },
      "140": {
        "start": {"line": 141, "column": 0},
        "end": {"line": 141, "column": 44}
      },
      "141": {
        "start": {"line": 142, "column": 0},
        "end": {"line": 142, "column": 60}
      },
      "142": {
        "start": {"line": 143, "column": 0},
        "end": {"line": 143, "column": 9}
      },
      "144": {
        "start": {"line": 145, "column": 0},
        "end": {"line": 145, "column": 54}
      },
      "145": {
        "start": {"line": 146, "column": 0},
        "end": {"line": 146, "column": 56}
      },
      "146": {
        "start": {"line": 147, "column": 0},
        "end": {"line": 147, "column": 48}
      },
      "147": {
        "start": {"line": 148, "column": 0},
        "end": {"line": 148, "column": 9}
      },
      "149": {
        "start": {"line": 150, "column": 0},
        "end": {"line": 150, "column": 45}
      },
      "150": {
        "start": {"line": 151, "column": 0},
        "end": {"line": 151, "column": 61}
      },
      "151": {
        "start": {"line": 152, "column": 0},
        "end": {"line": 152, "column": 9}
      },
      "153": {
        "start": {"line": 154, "column": 0},
        "end": {"line": 154, "column": 56}
      },
      "154": {
        "start": {"line": 155, "column": 0},
        "end": {"line": 155, "column": 35}
      },
      "155": {
        "start": {"line": 156, "column": 0},
        "end": {"line": 156, "column": 53}
      },
      "156": {
        "start": {"line": 157, "column": 0},
        "end": {"line": 157, "column": 48}
      },
      "157": {
        "start": {"line": 158, "column": 0},
        "end": {"line": 158, "column": 11}
      },
      "158": {
        "start": {"line": 159, "column": 0},
        "end": {"line": 159, "column": 9}
      },
      "159": {
        "start": {"line": 160, "column": 0},
        "end": {"line": 160, "column": 6}
      },
      "160": {
        "start": {"line": 161, "column": 0},
        "end": {"line": 161, "column": 5}
      },
      "165": {
        "start": {"line": 166, "column": 0},
        "end": {"line": 166, "column": 47}
      },
      "166": {
        "start": {"line": 167, "column": 0},
        "end": {"line": 167, "column": 46}
      },
      "167": {
        "start": {"line": 168, "column": 0},
        "end": {"line": 168, "column": 43}
      },
      "169": {
        "start": {"line": 170, "column": 0},
        "end": {"line": 170, "column": 53}
      },
      "170": {
        "start": {"line": 171, "column": 0},
        "end": {"line": 171, "column": 62}
      },
      "171": {
        "start": {"line": 172, "column": 0},
        "end": {"line": 172, "column": 49}
      },
      "172": {
        "start": {"line": 173, "column": 0},
        "end": {"line": 173, "column": 9}
      },
      "174": {
        "start": {"line": 175, "column": 0},
        "end": {"line": 175, "column": 47}
      },
      "175": {
        "start": {"line": 176, "column": 0},
        "end": {"line": 176, "column": 35}
      },
      "176": {
        "start": {"line": 177, "column": 0},
        "end": {"line": 177, "column": 63}
      },
      "177": {
        "start": {"line": 178, "column": 0},
        "end": {"line": 178, "column": 52}
      },
      "178": {
        "start": {"line": 179, "column": 0},
        "end": {"line": 179, "column": 30}
      },
      "179": {
        "start": {"line": 180, "column": 0},
        "end": {"line": 180, "column": 9}
      },
      "181": {
        "start": {"line": 182, "column": 0},
        "end": {"line": 182, "column": 53}
      },
      "182": {
        "start": {"line": 183, "column": 0},
        "end": {"line": 183, "column": 57}
      },
      "183": {
        "start": {"line": 184, "column": 0},
        "end": {"line": 184, "column": 47}
      },
      "184": {
        "start": {"line": 185, "column": 0},
        "end": {"line": 185, "column": 9}
      },
      "185": {
        "start": {"line": 186, "column": 0},
        "end": {"line": 186, "column": 6}
      },
      "186": {
        "start": {"line": 187, "column": 0},
        "end": {"line": 187, "column": 5}
      },
      "187": {
        "start": {"line": 188, "column": 0},
        "end": {"line": 188, "column": 2}
      },
      "192": {
        "start": {"line": 193, "column": 0},
        "end": {"line": 193, "column": 26}
      },
      "196": {
        "start": {"line": 197, "column": 0},
        "end": {"line": 197, "column": 17}
      },
      "201": {
        "start": {"line": 202, "column": 0},
        "end": {"line": 202, "column": 21}
      },
      "206": {
        "start": {"line": 207, "column": 0},
        "end": {"line": 207, "column": 48}
      },
      "207": {
        "start": {"line": 208, "column": 0},
        "end": {"line": 208, "column": 37}
      },
      "208": {
        "start": {"line": 209, "column": 0},
        "end": {"line": 209, "column": 45}
      },
      "209": {
        "start": {"line": 210, "column": 0},
        "end": {"line": 210, "column": 7}
      },
      "210": {
        "start": {"line": 211, "column": 0},
        "end": {"line": 211, "column": 4}
      },
      "215": {
        "start": {"line": 216, "column": 0},
        "end": {"line": 216, "column": 49}
      },
      "216": {
        "start": {"line": 217, "column": 0},
        "end": {"line": 217, "column": 39}
      },
      "217": {
        "start": {"line": 218, "column": 0},
        "end": {"line": 218, "column": 56}
      },
      "218": {
        "start": {"line": 219, "column": 0},
        "end": {"line": 219, "column": 7}
      },
      "219": {
        "start": {"line": 220, "column": 0},
        "end": {"line": 220, "column": 4}
      },
      "220": {
        "start": {"line": 221, "column": 0},
        "end": {"line": 221, "column": 2}
      }
    },
    "s": {
      "0": 0,
      "11": 0,
      "15": 0,
      "16": 0,
      "17": 0,
      "18": 0,
      "23": 0,
      "24": 0,
      "25": 0,
      "26": 0,
      "27": 0,
      "32": 0,
      "33": 0,
      "34": 0,
      "35": 0,
      "40": 0,
      "41": 0,
      "42": 0,
      "43": 0,
      "48": 0,
      "49": 0,
      "50": 0,
      "51": 0,
      "52": 0,
      "57": 0,
      "58": 0,
      "59": 0,
      "60": 0,
      "65": 0,
      "66": 0,
      "67": 0,
      "72": 0,
      "73": 0,
      "74": 0,
      "75": 0,
      "87": 0,
      "88": 0,
      "89": 0,
      "90": 0,
      "91": 0,
      "92": 0,
      "93": 0,
      "94": 0,
      "95": 0,
      "100": 0,
      "104": 0,
      "105": 0,
      "106": 0,
      "107": 0,
      "108": 0,
      "109": 0,
      "111": 0,
      "112": 0,
      "113": 0,
      "114": 0,
      "115": 0,
      "117": 0,
      "118": 0,
      "119": 0,
      "121": 0,
      "123": 0,
      "124": 0,
      "125": 0,
      "126": 0,
      "127": 0,
      "128": 0,
      "133": 0,
      "134": 0,
      "135": 0,
      "136": 0,
      "137": 0,
      "138": 0,
      "140": 0,
      "141": 0,
      "142": 0,
      "144": 0,
      "145": 0,
      "146": 0,
      "147": 0,
      "149": 0,
      "150": 0,
      "151": 0,
      "153": 0,
      "154": 0,
      "155": 0,
      "156": 0,
      "157": 0,
      "158": 0,
      "159": 0,
      "160": 0,
      "165": 0,
      "166": 0,
      "167": 0,
      "169": 0,
      "170": 0,
      "171": 0,
      "172": 0,
      "174": 0,
      "175": 0,
      "176": 0,
      "177": 0,
      "178": 0,
      "179": 0,
      "181": 0,
      "182": 0,
      "183": 0,
      "184": 0,
      "185": 0,
      "186": 0,
      "187": 0,
      "192": 0,
      "196": 0,
      "201": 0,
      "206": 0,
      "207": 0,
      "208": 0,
      "209": 0,
      "210": 0,
      "215": 0,
      "216": 0,
      "217": 0,
      "218": 0,
      "219": 0,
      "220": 0
    },
    "branchMap": {
      "0": {
        "type": "branch",
        "line": 1,
        "loc": {
          "start": {"line": 1, "column": 5751},
          "end": {"line": 224, "column": 80}
        },
        "locations": [
          {
            "start": {"line": 1, "column": 5751},
            "end": {"line": 224, "column": 80}
          }
        ]
      }
    },
    "b": {"0": [0]},
    "fnMap": {
      "0": {
        "name": "(empty-report)",
        "decl": {
          "start": {"line": 1, "column": 5751},
          "end": {"line": 224, "column": 80}
        },
        "loc": {
          "start": {"line": 1, "column": 5751},
          "end": {"line": 224, "column": 80}
        },
        "line": 1
      }
    },
    "f": {"0": 0}
  }
}
