{
  "/Users/dmieloch/Dev/experiments/claudecodeui/tooling/env-loader/src/browser.ts": {
    "path": "/Users/dmieloch/Dev/experiments/claudecodeui/tooling/env-loader/src/browser.ts",
    "all": false,
    "statementMap": {
      "13": {
        "start": {"line": 14, "column": 0},
        "end": {"line": 14, "column": 81}
      },
      "15": {
        "start": {"line": 16, "column": 0},
        "end": {"line": 16, "column": 62}
      },
      "16": {
        "start": {"line": 17, "column": 0},
        "end": {"line": 17, "column": 40}
      },
      "17": {
        "start": {"line": 18, "column": 0},
        "end": {"line": 18, "column": 42}
      },
      "18": {
        "start": {"line": 19, "column": 0},
        "end": {"line": 19, "column": 3}
      },
      "21": {
        "start": {"line": 22, "column": 0},
        "end": {"line": 22, "column": 54}
      },
      "22": {
        "start": {"line": 23, "column": 0},
        "end": {"line": 23, "column": 36}
      },
      "23": {
        "start": {"line": 24, "column": 0},
        "end": {"line": 24, "column": 42}
      },
      "24": {
        "start": {"line": 25, "column": 0},
        "end": {"line": 25, "column": 3}
      },
      "27": {
        "start": {"line": 28, "column": 0},
        "end": {"line": 28, "column": 68}
      },
      "28": {
        "start": {"line": 29, "column": 0},
        "end": {"line": 29, "column": 46}
      },
      "29": {
        "start": {"line": 30, "column": 0},
        "end": {"line": 30, "column": 53}
      },
      "30": {
        "start": {"line": 31, "column": 0},
        "end": {"line": 31, "column": 36}
      },
      "31": {
        "start": {"line": 32, "column": 0},
        "end": {"line": 32, "column": 44}
      },
      "32": {
        "start": {"line": 33, "column": 0},
        "end": {"line": 33, "column": 5}
      },
      "33": {
        "start": {"line": 34, "column": 0},
        "end": {"line": 34, "column": 3}
      },
      "35": {
        "start": {"line": 36, "column": 0},
        "end": {"line": 36, "column": 22}
      },
      "36": {
        "start": {"line": 37, "column": 0},
        "end": {"line": 37, "column": 1}
      },
      "41": {
        "start": {"line": 42, "column": 0},
        "end": {"line": 42, "column": 50}
      },
      "42": {
        "start": {"line": 43, "column": 0},
        "end": {"line": 43, "column": 29}
      },
      "43": {
        "start": {"line": 44, "column": 0},
        "end": {"line": 44, "column": 15}
      },
      "44": {
        "start": {"line": 45, "column": 0},
        "end": {"line": 45, "column": 76}
      },
      "45": {
        "start": {"line": 46, "column": 0},
        "end": {"line": 46, "column": 3}
      },
      "46": {
        "start": {"line": 47, "column": 0},
        "end": {"line": 47, "column": 15}
      },
      "47": {
        "start": {"line": 48, "column": 0},
        "end": {"line": 48, "column": 1}
      },
      "52": {
        "start": {"line": 53, "column": 0},
        "end": {"line": 53, "column": 84}
      },
      "53": {
        "start": {"line": 54, "column": 0},
        "end": {"line": 54, "column": 29}
      },
      "54": {
        "start": {"line": 55, "column": 0},
        "end": {"line": 55, "column": 28}
      },
      "55": {
        "start": {"line": 56, "column": 0},
        "end": {"line": 56, "column": 24}
      },
      "56": {
        "start": {"line": 57, "column": 0},
        "end": {"line": 57, "column": 3}
      },
      "57": {
        "start": {"line": 58, "column": 0},
        "end": {"line": 58, "column": 37}
      },
      "58": {
        "start": {"line": 59, "column": 0},
        "end": {"line": 59, "column": 47}
      },
      "59": {
        "start": {"line": 60, "column": 0},
        "end": {"line": 60, "column": 1}
      },
      "64": {
        "start": {"line": 65, "column": 0},
        "end": {"line": 65, "column": 87}
      },
      "65": {
        "start": {"line": 66, "column": 0},
        "end": {"line": 66, "column": 44}
      },
      "66": {
        "start": {"line": 67, "column": 0},
        "end": {"line": 67, "column": 28}
      },
      "67": {
        "start": {"line": 68, "column": 0},
        "end": {"line": 68, "column": 24}
      },
      "68": {
        "start": {"line": 69, "column": 0},
        "end": {"line": 69, "column": 3}
      },
      "69": {
        "start": {"line": 70, "column": 0},
        "end": {"line": 70, "column": 62}
      },
      "70": {
        "start": {"line": 71, "column": 0},
        "end": {"line": 71, "column": 1}
      },
      "76": {
        "start": {"line": 77, "column": 0},
        "end": {"line": 77, "column": 89}
      },
      "77": {
        "start": {"line": 78, "column": 0},
        "end": {"line": 78, "column": 54}
      },
      "78": {
        "start": {"line": 79, "column": 0},
        "end": {"line": 79, "column": 41}
      },
      "81": {
        "start": {"line": 82, "column": 0},
        "end": {"line": 82, "column": 62}
      },
      "82": {
        "start": {"line": 83, "column": 0},
        "end": {"line": 83, "column": 65}
      },
      "83": {
        "start": {"line": 84, "column": 0},
        "end": {"line": 84, "column": 77}
      },
      "84": {
        "start": {"line": 85, "column": 0},
        "end": {"line": 85, "column": 25}
      },
      "85": {
        "start": {"line": 86, "column": 0},
        "end": {"line": 86, "column": 7}
      },
      "86": {
        "start": {"line": 87, "column": 0},
        "end": {"line": 87, "column": 5}
      },
      "87": {
        "start": {"line": 88, "column": 0},
        "end": {"line": 88, "column": 3}
      },
      "90": {
        "start": {"line": 91, "column": 0},
        "end": {"line": 91, "column": 54}
      },
      "91": {
        "start": {"line": 92, "column": 0},
        "end": {"line": 92, "column": 61}
      },
      "92": {
        "start": {"line": 93, "column": 0},
        "end": {"line": 93, "column": 77}
      },
      "93": {
        "start": {"line": 94, "column": 0},
        "end": {"line": 94, "column": 25}
      },
      "94": {
        "start": {"line": 95, "column": 0},
        "end": {"line": 95, "column": 7}
      },
      "95": {
        "start": {"line": 96, "column": 0},
        "end": {"line": 96, "column": 5}
      },
      "96": {
        "start": {"line": 97, "column": 0},
        "end": {"line": 97, "column": 3}
      },
      "99": {
        "start": {"line": 100, "column": 0},
        "end": {"line": 100, "column": 68}
      },
      "100": {
        "start": {"line": 101, "column": 0},
        "end": {"line": 101, "column": 46}
      },
      "101": {
        "start": {"line": 102, "column": 0},
        "end": {"line": 102, "column": 53}
      },
      "102": {
        "start": {"line": 103, "column": 0},
        "end": {"line": 103, "column": 61}
      },
      "103": {
        "start": {"line": 104, "column": 0},
        "end": {"line": 104, "column": 79}
      },
      "104": {
        "start": {"line": 105, "column": 0},
        "end": {"line": 105, "column": 27}
      },
      "105": {
        "start": {"line": 106, "column": 0},
        "end": {"line": 106, "column": 9}
      },
      "106": {
        "start": {"line": 107, "column": 0},
        "end": {"line": 107, "column": 7}
      },
      "107": {
        "start": {"line": 108, "column": 0},
        "end": {"line": 108, "column": 5}
      },
      "108": {
        "start": {"line": 109, "column": 0},
        "end": {"line": 109, "column": 3}
      },
      "110": {
        "start": {"line": 111, "column": 0},
        "end": {"line": 111, "column": 14}
      },
      "111": {
        "start": {"line": 112, "column": 0},
        "end": {"line": 112, "column": 98}
      },
      "112": {
        "start": {"line": 113, "column": 0},
        "end": {"line": 113, "column": 3}
      },
      "114": {
        "start": {"line": 115, "column": 0},
        "end": {"line": 115, "column": 13}
      },
      "115": {
        "start": {"line": 116, "column": 0},
        "end": {"line": 116, "column": 1}
      },
      "121": {
        "start": {"line": 122, "column": 0},
        "end": {"line": 122, "column": 67}
      },
      "122": {
        "start": {"line": 123, "column": 0},
        "end": {"line": 123, "column": 68}
      },
      "123": {
        "start": {"line": 124, "column": 0},
        "end": {"line": 124, "column": 69}
      },
      "124": {
        "start": {"line": 125, "column": 0},
        "end": {"line": 125, "column": 3}
      },
      "125": {
        "start": {"line": 126, "column": 0},
        "end": {"line": 126, "column": 1}
      }
    },
    "s": {
      "13": 1,
      "15": 14,
      "16": 14,
      "17": 14,
      "18": 14,
      "21": 14,
      "22": 3,
      "23": 3,
      "24": 3,
      "27": 14,
      "28": 3,
      "29": 3,
      "30": 1,
      "31": 1,
      "32": 1,
      "33": 3,
      "35": 2,
      "36": 2,
      "41": 1,
      "42": 2,
      "43": 2,
      "44": 1,
      "45": 1,
      "46": 1,
      "47": 1,
      "52": 1,
      "53": 2,
      "54": 2,
      "55": 0,
      "56": 0,
      "57": 2,
      "58": 2,
      "59": 2,
      "64": 1,
      "65": 7,
      "66": 7,
      "67": 0,
      "68": 0,
      "69": 7,
      "70": 7,
      "76": 1,
      "77": 2,
      "78": 2,
      "81": 2,
      "82": 2,
      "83": 326,
      "84": 0,
      "85": 0,
      "86": 326,
      "87": 2,
      "90": 2,
      "91": 2,
      "92": 4,
      "93": 3,
      "94": 3,
      "95": 4,
      "96": 2,
      "99": 2,
      "100": 2,
      "101": 2,
      "102": 1,
      "103": 1,
      "104": 1,
      "105": 1,
      "106": 1,
      "107": 1,
      "108": 2,
      "110": 2,
      "111": 0,
      "112": 0,
      "114": 2,
      "115": 2,
      "121": 1,
      "122": 2,
      "123": 2,
      "124": 2,
      "125": 2
    },
    "branchMap": {
      "0": {
        "type": "branch",
        "line": 14,
        "loc": {
          "start": {"line": 14, "column": 7},
          "end": {"line": 37, "column": 1}
        },
        "locations": [
          {"start": {"line": 14, "column": 7}, "end": {"line": 37, "column": 1}}
        ]
      },
      "1": {
        "type": "branch",
        "line": 18,
        "loc": {
          "start": {"line": 18, "column": 29},
          "end": {"line": 18, "column": 42}
        },
        "locations": [
          {
            "start": {"line": 18, "column": 29},
            "end": {"line": 18, "column": 42}
          }
        ]
      },
      "2": {
        "type": "branch",
        "line": 19,
        "loc": {
          "start": {"line": 19, "column": 2},
          "end": {"line": 22, "column": 53}
        },
        "locations": [
          {
            "start": {"line": 19, "column": 2},
            "end": {"line": 22, "column": 53}
          }
        ]
      },
      "3": {
        "type": "branch",
        "line": 22,
        "loc": {
          "start": {"line": 22, "column": 53},
          "end": {"line": 28, "column": 67}
        },
        "locations": [
          {
            "start": {"line": 22, "column": 53},
            "end": {"line": 28, "column": 67}
          }
        ]
      },
      "4": {
        "type": "branch",
        "line": 24,
        "loc": {
          "start": {"line": 24, "column": 29},
          "end": {"line": 24, "column": 42}
        },
        "locations": [
          {
            "start": {"line": 24, "column": 29},
            "end": {"line": 24, "column": 42}
          }
        ]
      },
      "5": {
        "type": "branch",
        "line": 28,
        "loc": {
          "start": {"line": 28, "column": 67},
          "end": {"line": 34, "column": 3}
        },
        "locations": [
          {
            "start": {"line": 28, "column": 67},
            "end": {"line": 34, "column": 3}
          }
        ]
      },
      "6": {
        "type": "branch",
        "line": 30,
        "loc": {
          "start": {"line": 30, "column": 8},
          "end": {"line": 30, "column": 52}
        },
        "locations": [
          {
            "start": {"line": 30, "column": 8},
            "end": {"line": 30, "column": 52}
          }
        ]
      },
      "7": {
        "type": "branch",
        "line": 30,
        "loc": {
          "start": {"line": 30, "column": 52},
          "end": {"line": 33, "column": 5}
        },
        "locations": [
          {
            "start": {"line": 30, "column": 52},
            "end": {"line": 33, "column": 5}
          }
        ]
      },
      "8": {
        "type": "branch",
        "line": 34,
        "loc": {
          "start": {"line": 34, "column": 2},
          "end": {"line": 37, "column": 1}
        },
        "locations": [
          {"start": {"line": 34, "column": 2}, "end": {"line": 37, "column": 1}}
        ]
      },
      "9": {
        "type": "branch",
        "line": 42,
        "loc": {
          "start": {"line": 42, "column": 7},
          "end": {"line": 48, "column": 1}
        },
        "locations": [
          {"start": {"line": 42, "column": 7}, "end": {"line": 48, "column": 1}}
        ]
      },
      "10": {
        "type": "branch",
        "line": 44,
        "loc": {
          "start": {"line": 44, "column": 14},
          "end": {"line": 48, "column": 1}
        },
        "locations": [
          {
            "start": {"line": 44, "column": 14},
            "end": {"line": 48, "column": 1}
          }
        ]
      },
      "11": {
        "type": "branch",
        "line": 53,
        "loc": {
          "start": {"line": 53, "column": 7},
          "end": {"line": 60, "column": 1}
        },
        "locations": [
          {"start": {"line": 53, "column": 7}, "end": {"line": 60, "column": 1}}
        ]
      },
      "12": {
        "type": "branch",
        "line": 55,
        "loc": {
          "start": {"line": 55, "column": 27},
          "end": {"line": 57, "column": 3}
        },
        "locations": [
          {
            "start": {"line": 55, "column": 27},
            "end": {"line": 57, "column": 3}
          }
        ]
      },
      "13": {
        "type": "branch",
        "line": 59,
        "loc": {
          "start": {"line": 59, "column": 21},
          "end": {"line": 59, "column": 40}
        },
        "locations": [
          {
            "start": {"line": 59, "column": 21},
            "end": {"line": 59, "column": 40}
          }
        ]
      },
      "14": {
        "type": "branch",
        "line": 59,
        "loc": {
          "start": {"line": 59, "column": 25},
          "end": {"line": 59, "column": 47}
        },
        "locations": [
          {
            "start": {"line": 59, "column": 25},
            "end": {"line": 59, "column": 47}
          }
        ]
      },
      "15": {
        "type": "branch",
        "line": 65,
        "loc": {
          "start": {"line": 65, "column": 7},
          "end": {"line": 71, "column": 1}
        },
        "locations": [
          {"start": {"line": 65, "column": 7}, "end": {"line": 71, "column": 1}}
        ]
      },
      "16": {
        "type": "branch",
        "line": 67,
        "loc": {
          "start": {"line": 67, "column": 27},
          "end": {"line": 69, "column": 3}
        },
        "locations": [
          {
            "start": {"line": 67, "column": 27},
            "end": {"line": 69, "column": 3}
          }
        ]
      },
      "17": {
        "type": "branch",
        "line": 70,
        "loc": {
          "start": {"line": 70, "column": 19},
          "end": {"line": 70, "column": 46}
        },
        "locations": [
          {
            "start": {"line": 70, "column": 19},
            "end": {"line": 70, "column": 46}
          }
        ]
      },
      "18": {
        "type": "branch",
        "line": 70,
        "loc": {
          "start": {"line": 70, "column": 39},
          "end": {"line": 70, "column": 62}
        },
        "locations": [
          {
            "start": {"line": 70, "column": 39},
            "end": {"line": 70, "column": 62}
          }
        ]
      },
      "19": {
        "type": "branch",
        "line": 77,
        "loc": {
          "start": {"line": 77, "column": 7},
          "end": {"line": 116, "column": 1}
        },
        "locations": [
          {
            "start": {"line": 77, "column": 7},
            "end": {"line": 116, "column": 1}
          }
        ]
      },
      "20": {
        "type": "branch",
        "line": 83,
        "loc": {
          "start": {"line": 83, "column": 64},
          "end": {"line": 87, "column": 5}
        },
        "locations": [
          {
            "start": {"line": 83, "column": 64},
            "end": {"line": 87, "column": 5}
          }
        ]
      },
      "21": {
        "type": "branch",
        "line": 84,
        "loc": {
          "start": {"line": 84, "column": 43},
          "end": {"line": 84, "column": 76}
        },
        "locations": [
          {
            "start": {"line": 84, "column": 43},
            "end": {"line": 84, "column": 76}
          }
        ]
      },
      "22": {
        "type": "branch",
        "line": 84,
        "loc": {
          "start": {"line": 84, "column": 76},
          "end": {"line": 86, "column": 7}
        },
        "locations": [
          {
            "start": {"line": 84, "column": 76},
            "end": {"line": 86, "column": 7}
          }
        ]
      },
      "23": {
        "type": "branch",
        "line": 92,
        "loc": {
          "start": {"line": 92, "column": 60},
          "end": {"line": 96, "column": 5}
        },
        "locations": [
          {
            "start": {"line": 92, "column": 60},
            "end": {"line": 96, "column": 5}
          }
        ]
      },
      "24": {
        "type": "branch",
        "line": 93,
        "loc": {
          "start": {"line": 93, "column": 43},
          "end": {"line": 93, "column": 76}
        },
        "locations": [
          {
            "start": {"line": 93, "column": 43},
            "end": {"line": 93, "column": 76}
          }
        ]
      },
      "25": {
        "type": "branch",
        "line": 93,
        "loc": {
          "start": {"line": 93, "column": 76},
          "end": {"line": 95, "column": 7}
        },
        "locations": [
          {
            "start": {"line": 93, "column": 76},
            "end": {"line": 95, "column": 7}
          }
        ]
      },
      "26": {
        "type": "branch",
        "line": 102,
        "loc": {
          "start": {"line": 102, "column": 8},
          "end": {"line": 102, "column": 52}
        },
        "locations": [
          {
            "start": {"line": 102, "column": 8},
            "end": {"line": 102, "column": 52}
          }
        ]
      },
      "27": {
        "type": "branch",
        "line": 102,
        "loc": {
          "start": {"line": 102, "column": 52},
          "end": {"line": 108, "column": 5}
        },
        "locations": [
          {
            "start": {"line": 102, "column": 52},
            "end": {"line": 108, "column": 5}
          }
        ]
      },
      "28": {
        "type": "branch",
        "line": 111,
        "loc": {
          "start": {"line": 111, "column": 13},
          "end": {"line": 113, "column": 3}
        },
        "locations": [
          {
            "start": {"line": 111, "column": 13},
            "end": {"line": 113, "column": 3}
          }
        ]
      },
      "29": {
        "type": "branch",
        "line": 122,
        "loc": {
          "start": {"line": 122, "column": 7},
          "end": {"line": 126, "column": 1}
        },
        "locations": [
          {
            "start": {"line": 122, "column": 7},
            "end": {"line": 126, "column": 1}
          }
        ]
      }
    },
    "b": {
      "0": [14],
      "1": [11],
      "2": [3],
      "3": [3],
      "4": [0],
      "5": [3],
      "6": [1],
      "7": [1],
      "8": [2],
      "9": [2],
      "10": [1],
      "11": [2],
      "12": [0],
      "13": [1],
      "14": [1],
      "15": [7],
      "16": [0],
      "17": [5],
      "18": [4],
      "19": [2],
      "20": [326],
      "21": [0],
      "22": [0],
      "23": [4],
      "24": [3],
      "25": [3],
      "26": [1],
      "27": [1],
      "28": [0],
      "29": [2]
    },
    "fnMap": {
      "0": {
        "name": "getEnv",
        "decl": {
          "start": {"line": 14, "column": 7},
          "end": {"line": 37, "column": 1}
        },
        "loc": {
          "start": {"line": 14, "column": 7},
          "end": {"line": 37, "column": 1}
        },
        "line": 14
      },
      "1": {
        "name": "requireEnv",
        "decl": {
          "start": {"line": 42, "column": 7},
          "end": {"line": 48, "column": 1}
        },
        "loc": {
          "start": {"line": 42, "column": 7},
          "end": {"line": 48, "column": 1}
        },
        "line": 42
      },
      "2": {
        "name": "getIntEnv",
        "decl": {
          "start": {"line": 53, "column": 7},
          "end": {"line": 60, "column": 1}
        },
        "loc": {
          "start": {"line": 53, "column": 7},
          "end": {"line": 60, "column": 1}
        },
        "line": 53
      },
      "3": {
        "name": "getBoolEnv",
        "decl": {
          "start": {"line": 65, "column": 7},
          "end": {"line": 71, "column": 1}
        },
        "loc": {
          "start": {"line": 65, "column": 7},
          "end": {"line": 71, "column": 1}
        },
        "line": 65
      },
      "4": {
        "name": "getFilteredEnv",
        "decl": {
          "start": {"line": 77, "column": 7},
          "end": {"line": 116, "column": 1}
        },
        "loc": {
          "start": {"line": 77, "column": 7},
          "end": {"line": 116, "column": 1}
        },
        "line": 77
      },
      "5": {
        "name": "initBrowserEnv",
        "decl": {
          "start": {"line": 122, "column": 7},
          "end": {"line": 126, "column": 1}
        },
        "loc": {
          "start": {"line": 122, "column": 7},
          "end": {"line": 126, "column": 1}
        },
        "line": 122
      }
    },
    "f": {"0": 14, "1": 2, "2": 2, "3": 7, "4": 2, "5": 2}
  },
  "/Users/dmieloch/Dev/experiments/claudecodeui/tooling/env-loader/src/index.ts": {
    "path": "/Users/dmieloch/Dev/experiments/claudecodeui/tooling/env-loader/src/index.ts",
    "all": true,
    "statementMap": {
      "0": {"start": {"line": 1, "column": 0}, "end": {"line": 1, "column": 3}}
    },
    "s": {"0": 0},
    "branchMap": {
      "0": {
        "type": "branch",
        "line": 1,
        "loc": {
          "start": {"line": 1, "column": 634},
          "end": {"line": 20, "column": 25}
        },
        "locations": [
          {
            "start": {"line": 1, "column": 634},
            "end": {"line": 20, "column": 25}
          }
        ]
      }
    },
    "b": {"0": [0]},
    "fnMap": {
      "0": {
        "name": "(empty-report)",
        "decl": {
          "start": {"line": 1, "column": 634},
          "end": {"line": 20, "column": 25}
        },
        "loc": {
          "start": {"line": 1, "column": 634},
          "end": {"line": 20, "column": 25}
        },
        "line": 1
      }
    },
    "f": {"0": 0}
  },
  "/Users/dmieloch/Dev/experiments/claudecodeui/tooling/env-loader/src/node.ts": {
    "path": "/Users/dmieloch/Dev/experiments/claudecodeui/tooling/env-loader/src/node.ts",
    "all": false,
    "statementMap": {
      "0": {
        "start": {"line": 1, "column": 0},
        "end": {"line": 1, "column": 33}
      },
      "19": {
        "start": {"line": 20, "column": 0},
        "end": {"line": 20, "column": 80}
      },
      "20": {
        "start": {"line": 21, "column": 0},
        "end": {"line": 21, "column": 76}
      },
      "22": {
        "start": {"line": 23, "column": 0},
        "end": {"line": 23, "column": 32}
      },
      "23": {
        "start": {"line": 24, "column": 0},
        "end": {"line": 24, "column": 17}
      },
      "24": {
        "start": {"line": 25, "column": 0},
        "end": {"line": 25, "column": 35}
      },
      "25": {
        "start": {"line": 26, "column": 0},
        "end": {"line": 26, "column": 56}
      },
      "26": {
        "start": {"line": 27, "column": 0},
        "end": {"line": 27, "column": 72}
      },
      "27": {
        "start": {"line": 28, "column": 0},
        "end": {"line": 28, "column": 29}
      },
      "28": {
        "start": {"line": 29, "column": 0},
        "end": {"line": 29, "column": 14}
      },
      "29": {
        "start": {"line": 30, "column": 0},
        "end": {"line": 30, "column": 7}
      },
      "30": {
        "start": {"line": 31, "column": 0},
        "end": {"line": 31, "column": 44}
      },
      "31": {
        "start": {"line": 32, "column": 0},
        "end": {"line": 32, "column": 5}
      },
      "32": {
        "start": {"line": 33, "column": 0},
        "end": {"line": 33, "column": 3}
      },
      "34": {
        "start": {"line": 35, "column": 0},
        "end": {"line": 35, "column": 17}
      },
      "35": {
        "start": {"line": 36, "column": 0},
        "end": {"line": 36, "column": 16}
      },
      "36": {
        "start": {"line": 37, "column": 0},
        "end": {"line": 37, "column": 98}
      },
      "37": {
        "start": {"line": 38, "column": 0},
        "end": {"line": 38, "column": 5}
      },
      "38": {
        "start": {"line": 39, "column": 0},
        "end": {"line": 39, "column": 28}
      },
      "39": {
        "start": {"line": 40, "column": 0},
        "end": {"line": 40, "column": 3}
      },
      "41": {
        "start": {"line": 42, "column": 0},
        "end": {"line": 42, "column": 35}
      },
      "42": {
        "start": {"line": 43, "column": 0},
        "end": {"line": 43, "column": 49}
      },
      "43": {
        "start": {"line": 44, "column": 0},
        "end": {"line": 44, "column": 53}
      },
      "45": {
        "start": {"line": 46, "column": 0},
        "end": {"line": 46, "column": 35}
      },
      "46": {
        "start": {"line": 47, "column": 0},
        "end": {"line": 47, "column": 27}
      },
      "48": {
        "start": {"line": 49, "column": 0},
        "end": {"line": 49, "column": 14}
      },
      "49": {
        "start": {"line": 50, "column": 0},
        "end": {"line": 50, "column": 40}
      },
      "50": {
        "start": {"line": 51, "column": 0},
        "end": {"line": 51, "column": 35}
      },
      "51": {
        "start": {"line": 52, "column": 0},
        "end": {"line": 52, "column": 45}
      },
      "52": {
        "start": {"line": 53, "column": 0},
        "end": {"line": 53, "column": 52}
      },
      "53": {
        "start": {"line": 54, "column": 0},
        "end": {"line": 54, "column": 40}
      },
      "54": {
        "start": {"line": 55, "column": 0},
        "end": {"line": 55, "column": 3}
      },
      "57": {
        "start": {"line": 58, "column": 0},
        "end": {"line": 58, "column": 35}
      },
      "58": {
        "start": {"line": 59, "column": 0},
        "end": {"line": 59, "column": 56}
      },
      "59": {
        "start": {"line": 60, "column": 0},
        "end": {"line": 60, "column": 24}
      },
      "60": {
        "start": {"line": 61, "column": 0},
        "end": {"line": 61, "column": 56}
      },
      "61": {
        "start": {"line": 62, "column": 0},
        "end": {"line": 62, "column": 36}
      },
      "62": {
        "start": {"line": 63, "column": 0},
        "end": {"line": 63, "column": 26}
      },
      "63": {
        "start": {"line": 64, "column": 0},
        "end": {"line": 64, "column": 23}
      },
      "64": {
        "start": {"line": 65, "column": 0},
        "end": {"line": 65, "column": 72}
      },
      "65": {
        "start": {"line": 66, "column": 0},
        "end": {"line": 66, "column": 5}
      },
      "66": {
        "start": {"line": 67, "column": 0},
        "end": {"line": 67, "column": 21}
      },
      "67": {
        "start": {"line": 68, "column": 0},
        "end": {"line": 68, "column": 46}
      },
      "68": {
        "start": {"line": 69, "column": 0},
        "end": {"line": 69, "column": 3}
      },
      "71": {
        "start": {"line": 72, "column": 0},
        "end": {"line": 72, "column": 62}
      },
      "72": {
        "start": {"line": 73, "column": 0},
        "end": {"line": 73, "column": 57}
      },
      "73": {
        "start": {"line": 74, "column": 0},
        "end": {"line": 74, "column": 24}
      },
      "74": {
        "start": {"line": 75, "column": 0},
        "end": {"line": 75, "column": 57}
      },
      "75": {
        "start": {"line": 76, "column": 0},
        "end": {"line": 76, "column": 37}
      },
      "76": {
        "start": {"line": 77, "column": 0},
        "end": {"line": 77, "column": 23}
      },
      "77": {
        "start": {"line": 78, "column": 0},
        "end": {"line": 78, "column": 73}
      },
      "78": {
        "start": {"line": 79, "column": 0},
        "end": {"line": 79, "column": 5}
      },
      "79": {
        "start": {"line": 80, "column": 0},
        "end": {"line": 80, "column": 3}
      },
      "82": {
        "start": {"line": 83, "column": 0},
        "end": {"line": 83, "column": 72}
      },
      "83": {
        "start": {"line": 84, "column": 0},
        "end": {"line": 84, "column": 44}
      },
      "84": {
        "start": {"line": 85, "column": 0},
        "end": {"line": 85, "column": 80}
      },
      "85": {
        "start": {"line": 86, "column": 0},
        "end": {"line": 86, "column": 3}
      },
      "87": {
        "start": {"line": 88, "column": 0},
        "end": {"line": 88, "column": 10}
      },
      "88": {
        "start": {"line": 89, "column": 0},
        "end": {"line": 89, "column": 16}
      },
      "89": {
        "start": {"line": 90, "column": 0},
        "end": {"line": 90, "column": 20}
      },
      "90": {
        "start": {"line": 91, "column": 0},
        "end": {"line": 91, "column": 17}
      },
      "91": {
        "start": {"line": 92, "column": 0},
        "end": {"line": 92, "column": 42}
      },
      "92": {
        "start": {"line": 93, "column": 0},
        "end": {"line": 93, "column": 4}
      },
      "93": {
        "start": {"line": 94, "column": 0},
        "end": {"line": 94, "column": 1}
      },
      "95": {
        "start": {"line": 96, "column": 0},
        "end": {"line": 96, "column": 81}
      },
      "96": {
        "start": {"line": 97, "column": 0},
        "end": {"line": 97, "column": 43}
      },
      "97": {
        "start": {"line": 98, "column": 0},
        "end": {"line": 98, "column": 1}
      },
      "99": {
        "start": {"line": 100, "column": 0},
        "end": {"line": 100, "column": 50}
      },
      "100": {
        "start": {"line": 101, "column": 0},
        "end": {"line": 101, "column": 34}
      },
      "101": {
        "start": {"line": 102, "column": 0},
        "end": {"line": 102, "column": 15}
      },
      "102": {
        "start": {"line": 103, "column": 0},
        "end": {"line": 103, "column": 76}
      },
      "103": {
        "start": {"line": 104, "column": 0},
        "end": {"line": 104, "column": 3}
      },
      "104": {
        "start": {"line": 105, "column": 0},
        "end": {"line": 105, "column": 15}
      },
      "105": {
        "start": {"line": 106, "column": 0},
        "end": {"line": 106, "column": 1}
      },
      "107": {
        "start": {"line": 108, "column": 0},
        "end": {"line": 108, "column": 84}
      },
      "108": {
        "start": {"line": 109, "column": 0},
        "end": {"line": 109, "column": 34}
      },
      "109": {
        "start": {"line": 110, "column": 0},
        "end": {"line": 110, "column": 28}
      },
      "110": {
        "start": {"line": 111, "column": 0},
        "end": {"line": 111, "column": 24}
      },
      "111": {
        "start": {"line": 112, "column": 0},
        "end": {"line": 112, "column": 3}
      },
      "112": {
        "start": {"line": 113, "column": 0},
        "end": {"line": 113, "column": 37}
      },
      "113": {
        "start": {"line": 114, "column": 0},
        "end": {"line": 114, "column": 47}
      },
      "114": {
        "start": {"line": 115, "column": 0},
        "end": {"line": 115, "column": 1}
      },
      "116": {
        "start": {"line": 117, "column": 0},
        "end": {"line": 117, "column": 87}
      },
      "117": {
        "start": {"line": 118, "column": 0},
        "end": {"line": 118, "column": 49}
      },
      "118": {
        "start": {"line": 119, "column": 0},
        "end": {"line": 119, "column": 28}
      },
      "119": {
        "start": {"line": 120, "column": 0},
        "end": {"line": 120, "column": 24}
      },
      "120": {
        "start": {"line": 121, "column": 0},
        "end": {"line": 121, "column": 3}
      },
      "121": {
        "start": {"line": 122, "column": 0},
        "end": {"line": 122, "column": 62}
      },
      "122": {
        "start": {"line": 123, "column": 0},
        "end": {"line": 123, "column": 1}
      },
      "124": {
        "start": {"line": 125, "column": 0},
        "end": {"line": 125, "column": 85}
      },
      "125": {
        "start": {"line": 126, "column": 0},
        "end": {"line": 126, "column": 53}
      },
      "126": {
        "start": {"line": 127, "column": 0},
        "end": {"line": 127, "column": 59}
      },
      "127": {
        "start": {"line": 128, "column": 0},
        "end": {"line": 128, "column": 44}
      },
      "128": {
        "start": {"line": 129, "column": 0},
        "end": {"line": 129, "column": 23}
      },
      "129": {
        "start": {"line": 130, "column": 0},
        "end": {"line": 130, "column": 5}
      },
      "130": {
        "start": {"line": 131, "column": 0},
        "end": {"line": 131, "column": 3}
      },
      "131": {
        "start": {"line": 132, "column": 0},
        "end": {"line": 132, "column": 13}
      },
      "132": {
        "start": {"line": 133, "column": 0},
        "end": {"line": 133, "column": 1}
      }
    },
    "s": {
      "0": 1,
      "19": 1,
      "20": 3,
      "22": 3,
      "23": 3,
      "24": 3,
      "25": 3,
      "26": 9,
      "27": 3,
      "28": 3,
      "29": 3,
      "30": 6,
      "31": 6,
      "32": 3,
      "34": 3,
      "35": 0,
      "36": 0,
      "37": 0,
      "38": 0,
      "39": 0,
      "41": 3,
      "42": 3,
      "43": 3,
      "45": 3,
      "46": 3,
      "48": 3,
      "49": 1,
      "50": 1,
      "51": 1,
      "52": 1,
      "53": 1,
      "54": 1,
      "57": 3,
      "58": 1,
      "59": 1,
      "60": 1,
      "61": 1,
      "62": 1,
      "63": 1,
      "64": 0,
      "65": 0,
      "66": 3,
      "67": 0,
      "68": 0,
      "71": 3,
      "72": 1,
      "73": 1,
      "74": 1,
      "75": 1,
      "76": 1,
      "77": 0,
      "78": 0,
      "79": 1,
      "82": 3,
      "83": 3,
      "84": 0,
      "85": 0,
      "87": 3,
      "88": 3,
      "89": 3,
      "90": 3,
      "91": 3,
      "92": 3,
      "93": 3,
      "95": 1,
      "96": 2,
      "97": 2,
      "99": 1,
      "100": 2,
      "101": 2,
      "102": 1,
      "103": 1,
      "104": 1,
      "105": 1,
      "107": 1,
      "108": 3,
      "109": 3,
      "110": 1,
      "111": 1,
      "112": 2,
      "113": 3,
      "114": 3,
      "116": 1,
      "117": 11,
      "118": 11,
      "119": 1,
      "120": 1,
      "121": 11,
      "122": 11,
      "124": 1,
      "125": 2,
      "126": 2,
      "127": 331,
      "128": 167,
      "129": 167,
      "130": 331,
      "131": 2,
      "132": 2
    },
    "branchMap": {
      "0": {
        "type": "branch",
        "line": 20,
        "loc": {
          "start": {"line": 20, "column": 7},
          "end": {"line": 94, "column": 1}
        },
        "locations": [
          {"start": {"line": 20, "column": 7}, "end": {"line": 94, "column": 1}}
        ]
      },
      "1": {
        "type": "branch",
        "line": 26,
        "loc": {
          "start": {"line": 26, "column": 55},
          "end": {"line": 32, "column": 5}
        },
        "locations": [
          {
            "start": {"line": 26, "column": 55},
            "end": {"line": 32, "column": 5}
          }
        ]
      },
      "2": {
        "type": "branch",
        "line": 27,
        "loc": {
          "start": {"line": 27, "column": 71},
          "end": {"line": 30, "column": 7}
        },
        "locations": [
          {
            "start": {"line": 27, "column": 71},
            "end": {"line": 30, "column": 7}
          }
        ]
      },
      "3": {
        "type": "branch",
        "line": 30,
        "loc": {
          "start": {"line": 30, "column": 6},
          "end": {"line": 32, "column": 5}
        },
        "locations": [
          {"start": {"line": 30, "column": 6}, "end": {"line": 32, "column": 5}}
        ]
      },
      "4": {
        "type": "branch",
        "line": 35,
        "loc": {
          "start": {"line": 35, "column": 16},
          "end": {"line": 40, "column": 3}
        },
        "locations": [
          {
            "start": {"line": 35, "column": 16},
            "end": {"line": 40, "column": 3}
          }
        ]
      },
      "5": {
        "type": "branch",
        "line": 49,
        "loc": {
          "start": {"line": 49, "column": 13},
          "end": {"line": 55, "column": 3}
        },
        "locations": [
          {
            "start": {"line": 49, "column": 13},
            "end": {"line": 55, "column": 3}
          }
        ]
      },
      "6": {
        "type": "branch",
        "line": 58,
        "loc": {
          "start": {"line": 58, "column": 34},
          "end": {"line": 67, "column": 13}
        },
        "locations": [
          {
            "start": {"line": 58, "column": 34},
            "end": {"line": 67, "column": 13}
          }
        ]
      },
      "7": {
        "type": "branch",
        "line": 64,
        "loc": {
          "start": {"line": 64, "column": 4},
          "end": {"line": 66, "column": 5}
        },
        "locations": [
          {"start": {"line": 64, "column": 4}, "end": {"line": 66, "column": 5}}
        ]
      },
      "8": {
        "type": "branch",
        "line": 67,
        "loc": {
          "start": {"line": 67, "column": 2},
          "end": {"line": 69, "column": 3}
        },
        "locations": [
          {"start": {"line": 67, "column": 2}, "end": {"line": 69, "column": 3}}
        ]
      },
      "9": {
        "type": "branch",
        "line": 67,
        "loc": {
          "start": {"line": 67, "column": 20},
          "end": {"line": 69, "column": 3}
        },
        "locations": [
          {
            "start": {"line": 67, "column": 20},
            "end": {"line": 69, "column": 3}
          }
        ]
      },
      "10": {
        "type": "branch",
        "line": 72,
        "loc": {
          "start": {"line": 72, "column": 61},
          "end": {"line": 80, "column": 3}
        },
        "locations": [
          {
            "start": {"line": 72, "column": 61},
            "end": {"line": 80, "column": 3}
          }
        ]
      },
      "11": {
        "type": "branch",
        "line": 77,
        "loc": {
          "start": {"line": 77, "column": 4},
          "end": {"line": 79, "column": 5}
        },
        "locations": [
          {"start": {"line": 77, "column": 4}, "end": {"line": 79, "column": 5}}
        ]
      },
      "12": {
        "type": "branch",
        "line": 84,
        "loc": {
          "start": {"line": 84, "column": 31},
          "end": {"line": 84, "column": 43}
        },
        "locations": [
          {
            "start": {"line": 84, "column": 31},
            "end": {"line": 84, "column": 43}
          }
        ]
      },
      "13": {
        "type": "branch",
        "line": 84,
        "loc": {
          "start": {"line": 84, "column": 43},
          "end": {"line": 86, "column": 3}
        },
        "locations": [
          {
            "start": {"line": 84, "column": 43},
            "end": {"line": 86, "column": 3}
          }
        ]
      },
      "14": {
        "type": "branch",
        "line": 83,
        "loc": {
          "start": {"line": 83, "column": 42},
          "end": {"line": 83, "column": 70}
        },
        "locations": [
          {
            "start": {"line": 83, "column": 42},
            "end": {"line": 83, "column": 70}
          }
        ]
      },
      "15": {
        "type": "branch",
        "line": 96,
        "loc": {
          "start": {"line": 96, "column": 7},
          "end": {"line": 98, "column": 1}
        },
        "locations": [
          {"start": {"line": 96, "column": 7}, "end": {"line": 98, "column": 1}}
        ]
      },
      "16": {
        "type": "branch",
        "line": 97,
        "loc": {
          "start": {"line": 97, "column": 25},
          "end": {"line": 97, "column": 43}
        },
        "locations": [
          {
            "start": {"line": 97, "column": 25},
            "end": {"line": 97, "column": 43}
          }
        ]
      },
      "17": {
        "type": "branch",
        "line": 100,
        "loc": {
          "start": {"line": 100, "column": 7},
          "end": {"line": 106, "column": 1}
        },
        "locations": [
          {
            "start": {"line": 100, "column": 7},
            "end": {"line": 106, "column": 1}
          }
        ]
      },
      "18": {
        "type": "branch",
        "line": 102,
        "loc": {
          "start": {"line": 102, "column": 14},
          "end": {"line": 106, "column": 1}
        },
        "locations": [
          {
            "start": {"line": 102, "column": 14},
            "end": {"line": 106, "column": 1}
          }
        ]
      },
      "19": {
        "type": "branch",
        "line": 108,
        "loc": {
          "start": {"line": 108, "column": 7},
          "end": {"line": 115, "column": 1}
        },
        "locations": [
          {
            "start": {"line": 108, "column": 7},
            "end": {"line": 115, "column": 1}
          }
        ]
      },
      "20": {
        "type": "branch",
        "line": 110,
        "loc": {
          "start": {"line": 110, "column": 27},
          "end": {"line": 112, "column": 3}
        },
        "locations": [
          {
            "start": {"line": 110, "column": 27},
            "end": {"line": 112, "column": 3}
          }
        ]
      },
      "21": {
        "type": "branch",
        "line": 112,
        "loc": {
          "start": {"line": 112, "column": 2},
          "end": {"line": 114, "column": 25}
        },
        "locations": [
          {
            "start": {"line": 112, "column": 2},
            "end": {"line": 114, "column": 25}
          }
        ]
      },
      "22": {
        "type": "branch",
        "line": 114,
        "loc": {
          "start": {"line": 114, "column": 21},
          "end": {"line": 114, "column": 40}
        },
        "locations": [
          {
            "start": {"line": 114, "column": 21},
            "end": {"line": 114, "column": 40}
          }
        ]
      },
      "23": {
        "type": "branch",
        "line": 114,
        "loc": {
          "start": {"line": 114, "column": 25},
          "end": {"line": 114, "column": 47}
        },
        "locations": [
          {
            "start": {"line": 114, "column": 25},
            "end": {"line": 114, "column": 47}
          }
        ]
      },
      "24": {
        "type": "branch",
        "line": 117,
        "loc": {
          "start": {"line": 117, "column": 7},
          "end": {"line": 123, "column": 1}
        },
        "locations": [
          {
            "start": {"line": 117, "column": 7},
            "end": {"line": 123, "column": 1}
          }
        ]
      },
      "25": {
        "type": "branch",
        "line": 118,
        "loc": {
          "start": {"line": 118, "column": 32},
          "end": {"line": 118, "column": 47}
        },
        "locations": [
          {
            "start": {"line": 118, "column": 32},
            "end": {"line": 118, "column": 47}
          }
        ]
      },
      "26": {
        "type": "branch",
        "line": 119,
        "loc": {
          "start": {"line": 119, "column": 27},
          "end": {"line": 121, "column": 3}
        },
        "locations": [
          {
            "start": {"line": 119, "column": 27},
            "end": {"line": 121, "column": 3}
          }
        ]
      },
      "27": {
        "type": "branch",
        "line": 121,
        "loc": {
          "start": {"line": 121, "column": 2},
          "end": {"line": 122, "column": 29}
        },
        "locations": [
          {
            "start": {"line": 121, "column": 2},
            "end": {"line": 122, "column": 29}
          }
        ]
      },
      "28": {
        "type": "branch",
        "line": 122,
        "loc": {
          "start": {"line": 122, "column": 19},
          "end": {"line": 122, "column": 46}
        },
        "locations": [
          {
            "start": {"line": 122, "column": 19},
            "end": {"line": 122, "column": 46}
          }
        ]
      },
      "29": {
        "type": "branch",
        "line": 122,
        "loc": {
          "start": {"line": 122, "column": 39},
          "end": {"line": 122, "column": 62}
        },
        "locations": [
          {
            "start": {"line": 122, "column": 39},
            "end": {"line": 122, "column": 62}
          }
        ]
      },
      "30": {
        "type": "branch",
        "line": 125,
        "loc": {
          "start": {"line": 125, "column": 7},
          "end": {"line": 133, "column": 1}
        },
        "locations": [
          {
            "start": {"line": 125, "column": 7},
            "end": {"line": 133, "column": 1}
          }
        ]
      },
      "31": {
        "type": "branch",
        "line": 127,
        "loc": {
          "start": {"line": 127, "column": 58},
          "end": {"line": 131, "column": 3}
        },
        "locations": [
          {
            "start": {"line": 127, "column": 58},
            "end": {"line": 131, "column": 3}
          }
        ]
      },
      "32": {
        "type": "branch",
        "line": 128,
        "loc": {
          "start": {"line": 128, "column": 9},
          "end": {"line": 128, "column": 43}
        },
        "locations": [
          {
            "start": {"line": 128, "column": 9},
            "end": {"line": 128, "column": 43}
          }
        ]
      },
      "33": {
        "type": "branch",
        "line": 128,
        "loc": {
          "start": {"line": 128, "column": 43},
          "end": {"line": 130, "column": 5}
        },
        "locations": [
          {
            "start": {"line": 128, "column": 43},
            "end": {"line": 130, "column": 5}
          }
        ]
      }
    },
    "b": {
      "0": [3],
      "1": [9],
      "2": [3],
      "3": [6],
      "4": [0],
      "5": [1],
      "6": [1],
      "7": [0],
      "8": [2],
      "9": [0],
      "10": [1],
      "11": [0],
      "12": [1],
      "13": [0],
      "14": [2],
      "15": [2],
      "16": [1],
      "17": [2],
      "18": [1],
      "19": [3],
      "20": [1],
      "21": [2],
      "22": [1],
      "23": [1],
      "24": [11],
      "25": [10],
      "26": [1],
      "27": [10],
      "28": [8],
      "29": [7],
      "30": [2],
      "31": [331],
      "32": [166],
      "33": [167]
    },
    "fnMap": {
      "0": {
        "name": "loadEnvironment",
        "decl": {
          "start": {"line": 20, "column": 7},
          "end": {"line": 94, "column": 1}
        },
        "loc": {
          "start": {"line": 20, "column": 7},
          "end": {"line": 94, "column": 1}
        },
        "line": 20
      },
      "1": {
        "name": "getEnv",
        "decl": {
          "start": {"line": 96, "column": 7},
          "end": {"line": 98, "column": 1}
        },
        "loc": {
          "start": {"line": 96, "column": 7},
          "end": {"line": 98, "column": 1}
        },
        "line": 96
      },
      "2": {
        "name": "requireEnv",
        "decl": {
          "start": {"line": 100, "column": 7},
          "end": {"line": 106, "column": 1}
        },
        "loc": {
          "start": {"line": 100, "column": 7},
          "end": {"line": 106, "column": 1}
        },
        "line": 100
      },
      "3": {
        "name": "getIntEnv",
        "decl": {
          "start": {"line": 108, "column": 7},
          "end": {"line": 115, "column": 1}
        },
        "loc": {
          "start": {"line": 108, "column": 7},
          "end": {"line": 115, "column": 1}
        },
        "line": 108
      },
      "4": {
        "name": "getBoolEnv",
        "decl": {
          "start": {"line": 117, "column": 7},
          "end": {"line": 123, "column": 1}
        },
        "loc": {
          "start": {"line": 117, "column": 7},
          "end": {"line": 123, "column": 1}
        },
        "line": 117
      },
      "5": {
        "name": "getFilteredEnv",
        "decl": {
          "start": {"line": 125, "column": 7},
          "end": {"line": 133, "column": 1}
        },
        "loc": {
          "start": {"line": 125, "column": 7},
          "end": {"line": 133, "column": 1}
        },
        "line": 125
      }
    },
    "f": {"0": 3, "1": 2, "2": 2, "3": 3, "4": 11, "5": 2}
  }
}
