TN:
SF:src/browser.ts
FN:14,getEnv
FN:42,requireEnv
FN:53,getIntEnv
FN:65,getBoolEnv
FN:77,getFilteredEnv
FN:122,initBrowserEnv
FNF:6
FNH:6
FNDA:14,getEnv
FNDA:2,requireEnv
FNDA:2,getIntEnv
FNDA:7,getBoolEnv
FNDA:2,getFilteredEnv
FNDA:2,initBrowserEnv
DA:14,1
DA:16,14
DA:17,14
DA:18,14
DA:19,14
DA:22,14
DA:23,3
DA:24,3
DA:25,3
DA:28,14
DA:29,3
DA:30,3
DA:31,1
DA:32,1
DA:33,1
DA:34,3
DA:36,2
DA:37,2
DA:42,1
DA:43,2
DA:44,2
DA:45,1
DA:46,1
DA:47,1
DA:48,1
DA:53,1
DA:54,2
DA:55,2
DA:56,0
DA:57,0
DA:58,2
DA:59,2
DA:60,2
DA:65,1
DA:66,7
DA:67,7
DA:68,0
DA:69,0
DA:70,7
DA:71,7
DA:77,1
DA:78,2
DA:79,2
DA:82,2
DA:83,2
DA:84,326
DA:85,0
DA:86,0
DA:87,326
DA:88,2
DA:91,2
DA:92,2
DA:93,4
DA:94,3
DA:95,3
DA:96,4
DA:97,2
DA:100,2
DA:101,2
DA:102,2
DA:103,1
DA:104,1
DA:105,1
DA:106,1
DA:107,1
DA:108,1
DA:109,2
DA:111,2
DA:112,0
DA:113,0
DA:115,2
DA:116,2
DA:122,1
DA:123,2
DA:124,2
DA:125,2
DA:126,2
LF:77
LH:69
BRDA:14,0,0,14
BRDA:18,1,0,11
BRDA:19,2,0,3
BRDA:22,3,0,3
BRDA:24,4,0,0
BRDA:28,5,0,3
BRDA:30,6,0,1
BRDA:30,7,0,1
BRDA:34,8,0,2
BRDA:42,9,0,2
BRDA:44,10,0,1
BRDA:53,11,0,2
BRDA:55,12,0,0
BRDA:59,13,0,1
BRDA:59,14,0,1
BRDA:65,15,0,7
BRDA:67,16,0,0
BRDA:70,17,0,5
BRDA:70,18,0,4
BRDA:77,19,0,2
BRDA:83,20,0,326
BRDA:84,21,0,0
BRDA:84,22,0,0
BRDA:92,23,0,4
BRDA:93,24,0,3
BRDA:93,25,0,3
BRDA:102,26,0,1
BRDA:102,27,0,1
BRDA:111,28,0,0
BRDA:122,29,0,2
BRF:30
BRH:24
end_of_record
TN:
SF:src/index.ts
FN:1,(empty-report)
FNF:1
FNH:0
FNDA:0,(empty-report)
DA:1,0
LF:1
LH:0
BRDA:1,0,0,0
BRF:1
BRH:0
end_of_record
TN:
SF:src/node.ts
FN:20,loadEnvironment
FN:96,getEnv
FN:100,requireEnv
FN:108,getIntEnv
FN:117,getBoolEnv
FN:125,getFilteredEnv
FNF:6
FNH:6
FNDA:3,loadEnvironment
FNDA:2,getEnv
FNDA:2,requireEnv
FNDA:3,getIntEnv
FNDA:11,getBoolEnv
FNDA:2,getFilteredEnv
DA:1,1
DA:20,1
DA:21,3
DA:23,3
DA:24,3
DA:25,3
DA:26,3
DA:27,9
DA:28,3
DA:29,3
DA:30,3
DA:31,6
DA:32,6
DA:33,3
DA:35,3
DA:36,0
DA:37,0
DA:38,0
DA:39,0
DA:40,0
DA:42,3
DA:43,3
DA:44,3
DA:46,3
DA:47,3
DA:49,3
DA:50,1
DA:51,1
DA:52,1
DA:53,1
DA:54,1
DA:55,1
DA:58,3
DA:59,1
DA:60,1
DA:61,1
DA:62,1
DA:63,1
DA:64,1
DA:65,0
DA:66,0
DA:67,3
DA:68,0
DA:69,0
DA:72,3
DA:73,1
DA:74,1
DA:75,1
DA:76,1
DA:77,1
DA:78,0
DA:79,0
DA:80,1
DA:83,3
DA:84,3
DA:85,0
DA:86,0
DA:88,3
DA:89,3
DA:90,3
DA:91,3
DA:92,3
DA:93,3
DA:94,3
DA:96,1
DA:97,2
DA:98,2
DA:100,1
DA:101,2
DA:102,2
DA:103,1
DA:104,1
DA:105,1
DA:106,1
DA:108,1
DA:109,3
DA:110,3
DA:111,1
DA:112,1
DA:113,2
DA:114,3
DA:115,3
DA:117,1
DA:118,11
DA:119,11
DA:120,1
DA:121,1
DA:122,11
DA:123,11
DA:125,1
DA:126,2
DA:127,2
DA:128,331
DA:129,167
DA:130,167
DA:131,331
DA:132,2
DA:133,2
LF:98
LH:85
BRDA:20,0,0,3
BRDA:26,1,0,9
BRDA:27,2,0,3
BRDA:30,3,0,6
BRDA:35,4,0,0
BRDA:49,5,0,1
BRDA:58,6,0,1
BRDA:64,7,0,0
BRDA:67,8,0,2
BRDA:67,9,0,0
BRDA:72,10,0,1
BRDA:77,11,0,0
BRDA:84,12,0,1
BRDA:84,13,0,0
BRDA:83,14,0,2
BRDA:96,15,0,2
BRDA:97,16,0,1
BRDA:100,17,0,2
BRDA:102,18,0,1
BRDA:108,19,0,3
BRDA:110,20,0,1
BRDA:112,21,0,2
BRDA:114,22,0,1
BRDA:114,23,0,1
BRDA:117,24,0,11
BRDA:118,25,0,10
BRDA:119,26,0,1
BRDA:121,27,0,10
BRDA:122,28,0,8
BRDA:122,29,0,7
BRDA:125,30,0,2
BRDA:127,31,0,331
BRDA:128,32,0,166
BRDA:128,33,0,167
BRF:34
BRH:29
end_of_record
